#
#model:
#
#<?xml version="1.0" encoding="UTF-8" standalone="no"?><input id="posterior" spec="beast.core.util.CompoundDistribution">
#    <distribution id="prior" spec="beast.core.util.CompoundDistribution">
#        <distribution id="YuleModel.t:true_alignment_1" spec="beast.evolution.speciation.YuleModel">
#            <parameter id="birthRate.t:true_alignment_1" name="birthDiffRate" spec="beast.core.parameter.RealParameter">1.0</parameter>
#            <tree id="Tree.t:true_alignment_1" spec="beast.evolution.tree.Tree">
#                <taxonset id="TaxonSet.true_alignment_1" spec="beast.evolution.alignment.TaxonSet">
#                </taxonset>
#            </tree>
#        </distribution>
#        <prior id="YuleBirthRatePrior.t:true_alignment_1" name="distribution" x="@birthRate.t:true_alignment_1">
#            <Uniform id="Uniform.100" name="distr" upper="Infinity"/>
#        </prior>
#    </distribution>
#    <distribution id="likelihood" spec="beast.core.util.CompoundDistribution" useThreads="true">
#        <distribution data="@true_alignment_1" id="treeLikelihood.true_alignment_1" spec="beast.evolution.likelihood.ThreadedTreeLikelihood" tree="@Tree.t:true_alignment_1">
#            <siteModel id="SiteModel.s:true_alignment_1" spec="beast.evolution.sitemodel.SiteModel">
#                <parameter estimate="false" id="mutationRate.s:true_alignment_1" name="mutationRate" spec="beast.core.parameter.RealParameter">1.0</parameter>
#                <parameter estimate="false" id="gammaShape.s:true_alignment_1" name="shape" spec="beast.core.parameter.RealParameter">1.0</parameter>
#                <parameter estimate="false" id="proportionInvariant.s:true_alignment_1" lower="0.0" name="proportionInvariant" spec="beast.core.parameter.RealParameter" upper="1.0">0.0</parameter>
#                <substModel id="JC69.s:true_alignment_1" spec="beast.evolution.substitutionmodel.JukesCantor"/>
#            </siteModel>
#            <branchRateModel id="StrictClock.c:true_alignment_1" spec="beast.evolution.branchratemodel.StrictClockModel">
#                <parameter estimate="false" id="clockRate.c:true_alignment_1" name="clock.rate" spec="beast.core.parameter.RealParameter">1.0</parameter>
#            </branchRateModel>
#        </distribution>
#    </distribution>
#</input>
#
Sample	posterior	likelihood	prior	treeLikelihood	TreeHeight	YuleModel	birthRate
0	-94434.2082835389	-94422.03198775272	-12.176295786179118	-94422.03198775272	3.3830466165188886	-12.176295786179118	1.0
1000	-56325.50545223785	-56275.45533851873	-50.05011371911373	-56275.45533851873	3.6463571504640058	-50.05011371911373	0.7745397300681544
2000	-52536.22320816451	-52502.94003171847	-33.28317644604456	-52502.94003171847	1.480889952256158	-33.28317644604456	1.2663120990518841
3000	-48913.11316263253	-48891.53284347804	-21.580319154491445	-48891.53284347804	1.1577384723760011	-21.580319154491445	1.8526022486093534
