#
#model:
#
#<?xml version="1.0" encoding="UTF-8" standalone="no"?><input id="posterior" spec="beast.core.util.CompoundDistribution">
#    <distribution id="prior" spec="beast.core.util.CompoundDistribution">
#        <distribution id="BirthDeath.t:true_alignment_1" spec="beast.evolution.speciation.BirthDeathGernhard08Model">
#            <parameter id="BDDeathRate.t:true_alignment_1" lower="0.0" name="relativeDeathRate" spec="beast.core.parameter.RealParameter" upper="1.0">0.5</parameter>
#            <parameter id="BDBirthRate.t:true_alignment_1" lower="0.0" name="birthDiffRate" spec="beast.core.parameter.RealParameter" upper="10000.0">1.0</parameter>
#            <tree id="Tree.t:true_alignment_1" spec="beast.evolution.tree.Tree">
#                <taxonset id="TaxonSet.true_alignment_1" spec="beast.evolution.alignment.TaxonSet">
#                </taxonset>
#            </tree>
#        </distribution>
#        <prior id="BirthRatePrior.t:true_alignment_1" name="distribution" x="@BDBirthRate.t:true_alignment_1">
#            <Uniform id="Uniform.100" name="distr" upper="Infinity"/>
#        </prior>
#        <prior id="DeathRatePrior.t:true_alignment_1" name="distribution" x="@BDDeathRate.t:true_alignment_1">
#            <Uniform id="Uniform.101" name="distr" upper="Infinity"/>
#        </prior>
#        <prior id="kappa1Prior.s:true_alignment_1" name="distribution">
#            <parameter id="kappa1.s:true_alignment_1" lower="0.0" name="x" spec="beast.core.parameter.RealParameter">2.0</parameter>
#            <LogNormal id="LogNormalDistributionModel.0" name="distr">
#                <parameter estimate="false" id="RealParameter.0" name="M" spec="beast.core.parameter.RealParameter">1.0</parameter>
#                <parameter estimate="false" id="RealParameter.1" lower="0.0" name="S" spec="beast.core.parameter.RealParameter" upper="Infinity">1.25</parameter>
#            </LogNormal>
#        </prior>
#        <prior id="kappa2Prior.s:true_alignment_1" name="distribution">
#            <parameter id="kappa2.s:true_alignment_1" lower="0.0" name="x" spec="beast.core.parameter.RealParameter">2.0</parameter>
#            <LogNormal id="LogNormalDistributionModel.1" name="distr">
#                <parameter estimate="false" id="RealParameter.2" name="M" spec="beast.core.parameter.RealParameter">1.0</parameter>
#                <parameter estimate="false" id="RealParameter.3" lower="0.0" name="S" spec="beast.core.parameter.RealParameter" upper="Infinity">1.25</parameter>
#            </LogNormal>
#        </prior>
#        <prior id="ucldStdevPrior.c:true_alignment_1" name="distribution">
#            <parameter id="ucldStdev.c:true_alignment_1" lower="0.0" name="x" spec="beast.core.parameter.RealParameter">0.1</parameter>
#            <Gamma id="Gamma.2" name="distr">
#                <parameter estimate="false" id="RealParameter.4" name="alpha" spec="beast.core.parameter.RealParameter">0.5396</parameter>
#                <parameter estimate="false" id="RealParameter.5" name="beta" spec="beast.core.parameter.RealParameter">0.3819</parameter>
#            </Gamma>
#        </prior>
#    </distribution>
#    <distribution id="likelihood" spec="beast.core.util.CompoundDistribution" useThreads="true">
#        <distribution data="@true_alignment_1" id="treeLikelihood.true_alignment_1" spec="beast.evolution.likelihood.ThreadedTreeLikelihood" tree="@Tree.t:true_alignment_1">
#            <siteModel id="SiteModel.s:true_alignment_1" spec="beast.evolution.sitemodel.SiteModel">
#                <parameter estimate="false" id="mutationRate.s:true_alignment_1" name="mutationRate" spec="beast.core.parameter.RealParameter">1.0</parameter>
#                <parameter estimate="false" id="gammaShape.s:true_alignment_1" name="shape" spec="beast.core.parameter.RealParameter">1.0</parameter>
#                <parameter estimate="false" id="proportionInvariant.s:true_alignment_1" lower="0.0" name="proportionInvariant" spec="beast.core.parameter.RealParameter" upper="1.0">0.0</parameter>
#                <substModel id="tn93.s:true_alignment_1" kappa1="@kappa1.s:true_alignment_1" kappa2="@kappa2.s:true_alignment_1" spec="beast.evolution.substitutionmodel.TN93">
#                    <frequencies id="estimatedFreqs.s:true_alignment_1" spec="beast.evolution.substitutionmodel.Frequencies">
#                        <parameter dimension="4" id="freqParameter.s:true_alignment_1" lower="0.0" name="frequencies" spec="beast.core.parameter.RealParameter" upper="1.0">0.25</parameter>
#                    </frequencies>
#                </substModel>
#            </siteModel>
#            <branchRateModel id="RelaxedClock.c:true_alignment_1" spec="beast.evolution.branchratemodel.UCRelaxedClockModel" tree="@Tree.t:true_alignment_1">
#                <LogNormal S="@ucldStdev.c:true_alignment_1" id="LogNormalDistributionModel.c:true_alignment_1" meanInRealSpace="true" name="distr">
#                    <parameter estimate="false" id="RealParameter.6" lower="0.0" name="M" spec="beast.core.parameter.RealParameter" upper="1.0">1.0</parameter>
#                </LogNormal>
#                <rateCategories dimension="84" id="rateCategories.c:true_alignment_1" spec="beast.core.parameter.IntegerParameter">1</rateCategories>
#                <parameter estimate="false" id="ucldMean.c:true_alignment_1" name="clock.rate" spec="beast.core.parameter.RealParameter">1.0</parameter>
#            </branchRateModel>
#        </distribution>
#    </distribution>
#</input>
#
Sample	posterior	likelihood	prior	treeLikelihood	TreeHeight	kappa1	kappa2	freqParameter.1	freqParameter.2	freqParameter.3	freqParameter.4	ucldStdev	rate.mean	rate.variance	rate.coefficientOfVariation	BirthDeath	BDBirthRate	BDDeathRate
0	-99051.50440830947	-99063.57816611505	12.073757805589052	-99063.57816611505	1.3022072137187308	2.0	2.0	0.25	0.25	0.25	0.25	0.1	1.0330230163059304	0.010819519955840736	0.10383576981634043	14.985113728416824	1.0	0.5
1000	-56657.934568901444	-56572.1118768798	-85.82269202164882	-56572.1118768798	13.211793293634072	1.0156148457300629	1.377785966843164	0.25	0.2510965478418863	0.2489034521581137	0.25	0.5845427724314669	0.7519382209691257	0.3693293135282841	0.6907090610959213	-81.48232083745145	0.47932715827772715	0.16276946946269072
2000	-52865.4532275727	-52798.15299727248	-67.30023030022001	-52798.15299727248	6.7236478142391745	1.0156148457300629	1.377785966843164	0.25	0.2510965478418863	0.25122690892808847	0.24767654323002525	0.7591080874506492	0.6984966994442946	0.5765379339725772	0.95050329797331	-62.382453126304384	0.3884247813140134	0.3373656228134526
3000	-50122.19600254824	-50057.6167371931	-64.57926535514213	-50057.6167371931	3.9605903792481256	1.0156148457300629	1.377785966843164	0.25	0.2510965478418863	0.25122690892808847	0.24767654323002525	0.8887912036704415	0.5876932076292146	0.4258278827522264	0.990015555977032	-59.2493012463744	0.5939058015895513	0.213599350831541
