#
#model:
#
#<?xml version="1.0" encoding="UTF-8" standalone="no"?><input id="posterior" spec="beast.core.util.CompoundDistribution">
#    <distribution id="prior" spec="beast.core.util.CompoundDistribution">
#        <distribution id="YuleModel.t:true_alignment_1_evidence" spec="beast.evolution.speciation.YuleModel">
#            <parameter id="birthRate.t:true_alignment_1_evidence" name="birthDiffRate" spec="beast.core.parameter.RealParameter">1.0</parameter>
#            <tree id="Tree.t:true_alignment_1_evidence" spec="beast.evolution.tree.Tree">
#                <taxonset id="TaxonSet.true_alignment_1_evidence" spec="beast.evolution.alignment.TaxonSet">
#                </taxonset>
#            </tree>
#        </distribution>
#        <prior id="YuleBirthRatePrior.t:true_alignment_1_evidence" name="distribution" x="@birthRate.t:true_alignment_1_evidence">
#            <Uniform id="Uniform.100" name="distr" upper="Infinity"/>
#        </prior>
#        <prior id="KappaPrior.s:true_alignment_1_evidence" name="distribution">
#            <parameter id="kappa.s:true_alignment_1_evidence" lower="0.0" name="x" spec="beast.core.parameter.RealParameter">2.0</parameter>
#            <LogNormal id="LogNormalDistributionModel.0" name="distr">
#                <parameter estimate="false" id="RealParameter.0" name="M" spec="beast.core.parameter.RealParameter">1.0</parameter>
#                <parameter estimate="false" id="RealParameter.1" lower="0.0" name="S" spec="beast.core.parameter.RealParameter" upper="Infinity">1.25</parameter>
#            </LogNormal>
#        </prior>
#    </distribution>
#    <distribution id="likelihood" spec="beast.core.util.CompoundDistribution" useThreads="true">
#        <distribution data="@true_alignment_1_evidence" id="treeLikelihood.true_alignment_1_evidence" spec="beast.evolution.likelihood.ThreadedTreeLikelihood" tree="@Tree.t:true_alignment_1_evidence">
#            <siteModel id="SiteModel.s:true_alignment_1_evidence" spec="beast.evolution.sitemodel.SiteModel">
#                <parameter estimate="false" id="mutationRate.s:true_alignment_1_evidence" name="mutationRate" spec="beast.core.parameter.RealParameter">1.0</parameter>
#                <parameter estimate="false" id="gammaShape.s:true_alignment_1_evidence" name="shape" spec="beast.core.parameter.RealParameter">1.0</parameter>
#                <parameter estimate="false" id="proportionInvariant.s:true_alignment_1_evidence" lower="0.0" name="proportionInvariant" spec="beast.core.parameter.RealParameter" upper="1.0">0.0</parameter>
#                <substModel id="hky.s:true_alignment_1_evidence" kappa="@kappa.s:true_alignment_1_evidence" spec="beast.evolution.substitutionmodel.HKY">
#                    <frequencies id="estimatedFreqs.s:true_alignment_1_evidence" spec="beast.evolution.substitutionmodel.Frequencies">
#                        <parameter dimension="4" id="freqParameter.s:true_alignment_1_evidence" lower="0.0" name="frequencies" spec="beast.core.parameter.RealParameter" upper="1.0">0.25</parameter>
#                    </frequencies>
#                </substModel>
#            </siteModel>
#            <branchRateModel id="StrictClock.c:true_alignment_1_evidence" spec="beast.evolution.branchratemodel.StrictClockModel">
#                <parameter estimate="false" id="clockRate.c:true_alignment_1_evidence" name="clock.rate" spec="beast.core.parameter.RealParameter">1.0</parameter>
#            </branchRateModel>
#        </distribution>
#    </distribution>
#</input>
#
Sample	NSlikelihood	posterior	likelihood	prior	treeLikelihood	TreeHeight	kappa	freqParameter.1	freqParameter.2	freqParameter.3	freqParameter.4	YuleModel	birthRate
0	-12446.509303049406	-12443.94365586147	-12446.509303049406	2.565647187935872	-12446.509303049406	0.11555487382983917	3.35920758415624	0.22766304532001608	0.25	0.27125978647781096	0.25107716820217296	4.93377647746322	4.846782325793894
1	-12392.815837960054	-12385.824607497689	-12392.815837960054	6.991230462364375	-12392.815837960054	0.049953838190092	0.8043721774629746	0.2230264047113979	0.2576723026556018	0.265941642408201	0.25335965022479934	8.390107898144871	14.808651688445051
2	-9400.612299807746	-9401.123597430218	-9400.612299807746	-0.5112976224712109	-9400.612299807746	0.23151576345558306	1.8483134149196414	0.22441172260718004	0.2562869847598197	0.265941642408201	0.25335965022479934	1.2926691824620553	14.55020867624532
3	-7777.173577093066	-7782.685003198606	-7777.173577093066	-5.511426105539801	-7777.173577093066	1.1645974375777584	3.4078388330747362	0.23661625845059323	0.2562869847598197	0.26034026187833825	0.24675649491124893	-3.126910054190723	1.5580867393987234
4	-7379.079944729007	-7387.867026656803	-7379.079944729007	-8.78708192779608	-7379.079944729007	1.639566652142172	6.047424916076597	0.24160987511865661	0.2559685541012732	0.2667706346986934	0.2356509360813769	-5.640755387904682	0.3889361071891323
5	-6989.991953149321	-7005.858223872573	-6989.991953149321	-15.866270723252876	-6989.991953149321	8.80791507712982	10.237960762203329	0.23517117724426562	0.2389356227479685	0.29214761864562366	0.23374558136214238	-11.835350912107021	0.27030327104140933
