#
#model:
#
#<?xml version="1.0" encoding="UTF-8" standalone="no"?><input id="posterior" spec="beast.core.util.CompoundDistribution">
#    <distribution id="prior" spec="beast.core.util.CompoundDistribution">
#        <distribution id="YuleModel.t:true_alignment_1" spec="beast.evolution.speciation.YuleModel">
#            <parameter id="birthRate.t:true_alignment_1" name="birthDiffRate" spec="beast.core.parameter.RealParameter">1.0</parameter>
#            <tree id="Tree.t:true_alignment_1" spec="beast.evolution.tree.Tree">
#                <taxonset id="TaxonSet.true_alignment_1" spec="beast.evolution.alignment.TaxonSet">
#                </taxonset>
#            </tree>
#        </distribution>
#        <prior id="YuleBirthRatePrior.t:true_alignment_1" name="distribution" x="@birthRate.t:true_alignment_1">
#            <Uniform id="Uniform.100" name="distr" upper="Infinity"/>
#        </prior>
#    </distribution>
#    <distribution id="likelihood" spec="beast.core.util.CompoundDistribution" useThreads="true">
#        <distribution data="@true_alignment_1" id="treeLikelihood.true_alignment_1" spec="beast.evolution.likelihood.ThreadedTreeLikelihood" tree="@Tree.t:true_alignment_1">
#            <siteModel id="SiteModel.s:true_alignment_1" spec="beast.evolution.sitemodel.SiteModel">
#                <parameter estimate="false" id="mutationRate.s:true_alignment_1" name="mutationRate" spec="beast.core.parameter.RealParameter">1.0</parameter>
#                <parameter estimate="false" id="gammaShape.s:true_alignment_1" name="shape" spec="beast.core.parameter.RealParameter">1.0</parameter>
#                <parameter estimate="false" id="proportionInvariant.s:true_alignment_1" lower="0.0" name="proportionInvariant" spec="beast.core.parameter.RealParameter" upper="1.0">0.0</parameter>
#                <substModel id="JC69.s:true_alignment_1" spec="beast.evolution.substitutionmodel.JukesCantor"/>
#            </siteModel>
#            <branchRateModel id="StrictClock.c:true_alignment_1" spec="beast.evolution.branchratemodel.StrictClockModel">
#                <parameter estimate="false" id="clockRate.c:true_alignment_1" name="clock.rate" spec="beast.core.parameter.RealParameter">1.0</parameter>
#            </branchRateModel>
#        </distribution>
#    </distribution>
#</input>
#
Sample	posterior	likelihood	prior	treeLikelihood	TreeHeight	YuleModel	birthRate
0	-9151.54951609115	-9144.928708445816	-6.620807645334903	-9144.928708445816	2.5426552873454145	-6.620807645334903	1.0
1000	-6848.652075216783	-6843.827447541699	-4.824627675083572	-6843.827447541699	1.026815891311471	-4.824627675083572	0.673083662416227
2000	-6847.980275007859	-6843.386080214611	-4.594194793247576	-6843.386080214611	1.0442860722341543	-4.594194793247576	0.8530689941454204
3000	-6848.498385857277	-6843.835548658395	-4.6628371988818635	-6843.835548658395	1.0034362584267815	-4.6628371988818635	0.8258701737817978
