#
#model:
#
#<?xml version="1.0" encoding="UTF-8" standalone="no"?><input id="posterior" spec="beast.core.util.CompoundDistribution">
#    <distribution id="prior" spec="beast.core.util.CompoundDistribution">
#        <distribution id="BirthDeath.t:true_alignment_1" spec="beast.evolution.speciation.BirthDeathGernhard08Model">
#            <parameter id="BDDeathRate.t:true_alignment_1" lower="0.0" name="relativeDeathRate" spec="beast.core.parameter.RealParameter" upper="1.0">0.5</parameter>
#            <parameter id="BDBirthRate.t:true_alignment_1" lower="0.0" name="birthDiffRate" spec="beast.core.parameter.RealParameter" upper="10000.0">1.0</parameter>
#            <tree id="Tree.t:true_alignment_1" spec="beast.evolution.tree.Tree">
#                <taxonset id="TaxonSet.true_alignment_1" spec="beast.evolution.alignment.TaxonSet">
#                </taxonset>
#            </tree>
#        </distribution>
#        <prior id="BirthRatePrior.t:true_alignment_1" name="distribution" x="@BDBirthRate.t:true_alignment_1">
#            <Uniform id="Uniform.100" name="distr" upper="Infinity"/>
#        </prior>
#        <prior id="DeathRatePrior.t:true_alignment_1" name="distribution" x="@BDDeathRate.t:true_alignment_1">
#            <Uniform id="Uniform.101" name="distr" upper="Infinity"/>
#        </prior>
#        <prior id="kappa1Prior.s:true_alignment_1" name="distribution">
#            <parameter id="kappa1.s:true_alignment_1" lower="0.0" name="x" spec="beast.core.parameter.RealParameter">2.0</parameter>
#            <LogNormal id="LogNormalDistributionModel.0" name="distr">
#                <parameter estimate="false" id="RealParameter.0" name="M" spec="beast.core.parameter.RealParameter">1.0</parameter>
#                <parameter estimate="false" id="RealParameter.1" lower="0.0" name="S" spec="beast.core.parameter.RealParameter" upper="Infinity">1.25</parameter>
#            </LogNormal>
#        </prior>
#        <prior id="kappa2Prior.s:true_alignment_1" name="distribution">
#            <parameter id="kappa2.s:true_alignment_1" lower="0.0" name="x" spec="beast.core.parameter.RealParameter">2.0</parameter>
#            <LogNormal id="LogNormalDistributionModel.1" name="distr">
#                <parameter estimate="false" id="RealParameter.2" name="M" spec="beast.core.parameter.RealParameter">1.0</parameter>
#                <parameter estimate="false" id="RealParameter.3" lower="0.0" name="S" spec="beast.core.parameter.RealParameter" upper="Infinity">1.25</parameter>
#            </LogNormal>
#        </prior>
#    </distribution>
#    <distribution id="likelihood" spec="beast.core.util.CompoundDistribution" useThreads="true">
#        <distribution data="@true_alignment_1" id="treeLikelihood.true_alignment_1" spec="beast.evolution.likelihood.ThreadedTreeLikelihood" tree="@Tree.t:true_alignment_1">
#            <siteModel id="SiteModel.s:true_alignment_1" spec="beast.evolution.sitemodel.SiteModel">
#                <parameter estimate="false" id="mutationRate.s:true_alignment_1" name="mutationRate" spec="beast.core.parameter.RealParameter">1.0</parameter>
#                <parameter estimate="false" id="gammaShape.s:true_alignment_1" name="shape" spec="beast.core.parameter.RealParameter">1.0</parameter>
#                <parameter estimate="false" id="proportionInvariant.s:true_alignment_1" lower="0.0" name="proportionInvariant" spec="beast.core.parameter.RealParameter" upper="1.0">0.0</parameter>
#                <substModel id="tn93.s:true_alignment_1" kappa1="@kappa1.s:true_alignment_1" kappa2="@kappa2.s:true_alignment_1" spec="beast.evolution.substitutionmodel.TN93">
#                    <frequencies id="estimatedFreqs.s:true_alignment_1" spec="beast.evolution.substitutionmodel.Frequencies">
#                        <parameter dimension="4" id="freqParameter.s:true_alignment_1" lower="0.0" name="frequencies" spec="beast.core.parameter.RealParameter" upper="1.0">0.25</parameter>
#                    </frequencies>
#                </substModel>
#            </siteModel>
#            <branchRateModel id="StrictClock.c:true_alignment_1" spec="beast.evolution.branchratemodel.StrictClockModel">
#                <parameter estimate="false" id="clockRate.c:true_alignment_1" name="clock.rate" spec="beast.core.parameter.RealParameter">1.0</parameter>
#            </branchRateModel>
#        </distribution>
#    </distribution>
#</input>
#
Sample	posterior	likelihood	prior	treeLikelihood	TreeHeight	kappa1	kappa2	freqParameter.1	freqParameter.2	freqParameter.3	freqParameter.4	BirthDeath	BDBirthRate	BDDeathRate
0	-9419.138067538699	-9409.734450647866	-9.403616890833764	-9409.734450647866	2.0523083858021454	2.0	2.0	0.25	0.25	0.25	0.25	-5.672896822885188	1.0	0.5186797777802628
1000	-6864.105486725987	-6855.301357307215	-8.804129418772606	-6855.301357307215	1.060426300579231	2.0	2.0	0.25	0.25	0.25	0.25	-5.073409350824031	0.5638500425559992	0.319678449961881
2000	-6869.381005616762	-6858.95929798501	-10.421707631751742	-6858.95929798501	1.0982429833148368	2.0	2.1583333126523447	0.25	0.25	0.25	0.25	-6.627903367701906	0.9253090553395503	0.48042213185686
3000	-6862.280813354136	-6853.3115713692	-8.969241984936048	-6853.3115713692	1.0341112353891153	2.0	1.6177426293336294	0.24104028034507619	0.2589597196549238	0.25	0.25	-5.394583149665069	1.046638358324103	0.26938520523187365
