#
#model:
#
#<?xml version="1.0" encoding="UTF-8" standalone="no"?><input id="posterior" spec="beast.core.util.CompoundDistribution">
#    <distribution id="prior" spec="beast.core.util.CompoundDistribution">
#        <distribution id="BirthDeath.t:twin_alignment_1_evidence" spec="beast.evolution.speciation.BirthDeathGernhard08Model">
#            <parameter id="BDDeathRate.t:twin_alignment_1_evidence" lower="0.0" name="relativeDeathRate" spec="beast.core.parameter.RealParameter" upper="1.0">0.5</parameter>
#            <parameter id="BDBirthRate.t:twin_alignment_1_evidence" lower="0.0" name="birthDiffRate" spec="beast.core.parameter.RealParameter" upper="10000.0">1.0</parameter>
#            <tree id="Tree.t:twin_alignment_1_evidence" spec="beast.evolution.tree.Tree">
#                <taxonset id="TaxonSet.twin_alignment_1_evidence" spec="beast.evolution.alignment.TaxonSet">
#                </taxonset>
#            </tree>
#        </distribution>
#        <prior id="BirthRatePrior.t:twin_alignment_1_evidence" name="distribution" x="@BDBirthRate.t:twin_alignment_1_evidence">
#            <Uniform id="Uniform.100" name="distr" upper="Infinity"/>
#        </prior>
#        <prior id="DeathRatePrior.t:twin_alignment_1_evidence" name="distribution" x="@BDDeathRate.t:twin_alignment_1_evidence">
#            <Uniform id="Uniform.101" name="distr" upper="Infinity"/>
#        </prior>
#        <prior id="kappa1Prior.s:twin_alignment_1_evidence" name="distribution">
#            <parameter id="kappa1.s:twin_alignment_1_evidence" lower="0.0" name="x" spec="beast.core.parameter.RealParameter">2.0</parameter>
#            <LogNormal id="LogNormalDistributionModel.0" name="distr">
#                <parameter estimate="false" id="RealParameter.0" name="M" spec="beast.core.parameter.RealParameter">1.0</parameter>
#                <parameter estimate="false" id="RealParameter.1" lower="0.0" name="S" spec="beast.core.parameter.RealParameter" upper="Infinity">1.25</parameter>
#            </LogNormal>
#        </prior>
#        <prior id="kappa2Prior.s:twin_alignment_1_evidence" name="distribution">
#            <parameter id="kappa2.s:twin_alignment_1_evidence" lower="0.0" name="x" spec="beast.core.parameter.RealParameter">2.0</parameter>
#            <LogNormal id="LogNormalDistributionModel.1" name="distr">
#                <parameter estimate="false" id="RealParameter.2" name="M" spec="beast.core.parameter.RealParameter">1.0</parameter>
#                <parameter estimate="false" id="RealParameter.3" lower="0.0" name="S" spec="beast.core.parameter.RealParameter" upper="Infinity">1.25</parameter>
#            </LogNormal>
#        </prior>
#    </distribution>
#    <distribution id="likelihood" spec="beast.core.util.CompoundDistribution" useThreads="true">
#        <distribution data="@twin_alignment_1_evidence" id="treeLikelihood.twin_alignment_1_evidence" spec="beast.evolution.likelihood.ThreadedTreeLikelihood" tree="@Tree.t:twin_alignment_1_evidence">
#            <siteModel id="SiteModel.s:twin_alignment_1_evidence" spec="beast.evolution.sitemodel.SiteModel">
#                <parameter estimate="false" id="mutationRate.s:twin_alignment_1_evidence" name="mutationRate" spec="beast.core.parameter.RealParameter">1.0</parameter>
#                <parameter estimate="false" id="gammaShape.s:twin_alignment_1_evidence" name="shape" spec="beast.core.parameter.RealParameter">1.0</parameter>
#                <parameter estimate="false" id="proportionInvariant.s:twin_alignment_1_evidence" lower="0.0" name="proportionInvariant" spec="beast.core.parameter.RealParameter" upper="1.0">0.0</parameter>
#                <substModel id="tn93.s:twin_alignment_1_evidence" kappa1="@kappa1.s:twin_alignment_1_evidence" kappa2="@kappa2.s:twin_alignment_1_evidence" spec="beast.evolution.substitutionmodel.TN93">
#                    <frequencies id="estimatedFreqs.s:twin_alignment_1_evidence" spec="beast.evolution.substitutionmodel.Frequencies">
#                        <parameter dimension="4" id="freqParameter.s:twin_alignment_1_evidence" lower="0.0" name="frequencies" spec="beast.core.parameter.RealParameter" upper="1.0">0.25</parameter>
#                    </frequencies>
#                </substModel>
#            </siteModel>
#            <branchRateModel id="StrictClock.c:twin_alignment_1_evidence" spec="beast.evolution.branchratemodel.StrictClockModel">
#                <parameter estimate="false" id="clockRate.c:twin_alignment_1_evidence" name="clock.rate" spec="beast.core.parameter.RealParameter">1.0</parameter>
#            </branchRateModel>
#        </distribution>
#    </distribution>
#</input>
#
Sample	NSlikelihood	posterior	likelihood	prior	treeLikelihood	TreeHeight	kappa1	kappa2	freqParameter.1	freqParameter.2	freqParameter.3	freqParameter.4	BirthDeath	BDBirthRate	BDDeathRate
0	-39694.22532117401	-39646.47354838602	-39694.22532117401	47.751772787993005	-39694.22532117401	0.04614224896581717	2.4315118787402863	3.7419351664271185	0.2522760264766746	0.2565375671065346	0.24558344821393174	0.24560295820285916	52.280717195288794	40.940757279578314	0.44283432062973377
1	-35742.52368051315	-35707.517900262545	-35742.52368051315	35.00578025060194	-35742.52368051315	0.1274259847563362	1.7080428252517652	6.749017751369658	0.25181331188433476	0.26330448960884856	0.24604616280627156	0.23883603570054512	40.068418903058664	23.443991167127837	0.6576256845370617
2	-34802.273083227316	-34755.328846427525	-34802.273083227316	46.94423679979263	-34802.273083227316	0.03319552856013253	2.258627860904408	4.842783888517692	0.2569469286760791	0.26252492133736277	0.2384790182495429	0.2420491317370152	51.73834713531466	131.87855811166835	0.3575084194001538
3	-34030.6488746561	-33987.670364179656	-34030.6488746561	42.97851047644488	-34030.6488746561	0.06363560471932284	2.0650408465858057	2.820431814505915	0.2604222366607769	0.26921075108378334	0.23389788288478358	0.23646912937065614	47.049323736145595	32.176571236059445	0.44217372271146177
4	-29445.160043508942	-29422.746249043572	-29445.160043508942	22.41379446537067	-29445.160043508942	0.22162635123659494	5.462247501712616	1.7825123271458299	0.2611144769477811	0.2804029817256641	0.2307983963396181	0.22768414498693676	27.18666610929412	8.977732623697657	0.33109695054365335
5	-24947.553645151096	-24942.33312962009	-24947.553645151096	5.2205155310075835	-24947.553645151096	0.5257990642037896	8.18002292285462	1.646115427569563	0.2574991867800782	0.29107700706587275	0.2248351810232314	0.22658862513081765	10.573694013386682	2.993185182201782	0.39505267432259394
6	-23618.5310014689	-23641.230030760362	-23618.5310014689	-22.69902929146253	-23618.5310014689	1.9418053183437483	5.565759656287226	2.668276999120516	0.24632990939473862	0.28355344241588093	0.2310801288464378	0.2390365193429427	-17.552348045183706	0.776015046679306	0.4778813547326563
7	-22742.037872369936	-22744.875020865464	-22742.037872369936	-2.837148495528311	-22742.037872369936	0.7787716905891048	2.847376558314861	1.805214347714858	0.2315240035759636	0.2913694543084756	0.24382362459780763	0.23328291751775324	1.1383958543343446	2.999175272614345	0.1994428932950495
8	-22358.25288201283	-22349.622728709644	-22358.25288201283	8.630153303183318	-22358.25288201283	0.2564809647373935	2.847376558314861	3.571533180113972	0.23605547477835453	0.28702081195977786	0.23579421420191304	0.24112949905995462	13.258247792697425	7.677197167172992	0.006613212901237244
9	-21971.562724972602	-21981.521043311914	-21971.562724972602	-9.958318339311012	-21971.562724972602	1.1968156754178072	2.8302107424821115	5.43229105375193	0.2495327471263171	0.2691051754468186	0.22637695517398004	0.2549851222528843	-4.787524606209511	2.677013837221504	0.0088951968475125
10	-21755.451403742907	-21767.39976091311	-21755.451403742907	-11.948357170203838	-21755.451403742907	1.1363290193789906	4.845350751341039	1.7921346968262324	0.2503524549666925	0.2840591090987222	0.21703403345674846	0.2485544024778369	-7.340315956682421	1.6990411991471885	6.054995062897754E-4
11	-21134.385216903585	-21143.872111919252	-21134.385216903585	-9.486895015666892	-21134.385216903585	1.2718629162603714	4.810359845120757	1.6430223659774454	0.24647776751047024	0.28069057812776405	0.21896741202042422	0.2538642423413415	-4.950059872318686	1.972408634191744	0.0024542854104719247
12	-20592.087967318363	-20604.33043673569	-20592.087967318363	-12.242469417327884	-20592.087967318363	1.4481273049060979	5.423171011072744	1.3015872895828895	0.2407199933356477	0.2857043364606412	0.22238839904715366	0.2511872711565574	-7.677848801827055	1.401272829882342	0.15967921318009992
13	-19998.167464834667	-20006.398527040517	-19998.167464834667	-8.231062205851826	-19998.167464834667	1.2555931849389235	0.9024539930368956	0.8010318511126308	0.24674965085242645	0.2872754019437773	0.23779714084113604	0.22817780636266022	-5.404593951380342	1.1130460823140995	0.6658296768938918
14	-19724.745839502262	-19740.175494237836	-19724.745839502262	-15.429654735572182	-19724.745839502262	1.5973866467920195	0.8084902886707338	1.5513006353567385	0.2524576353396029	0.29281598780139756	0.23069926969577992	0.22402710716321966	-12.347789185229471	1.5008741801564978	0.05500025945015955
15	-19712.7342237776	-19718.578646756283	-19712.7342237776	-5.844422978682623	-19712.7342237776	0.6492477460836867	0.7549649951193687	2.488497906462213	0.2547715027828311	0.29171245992249256	0.23598534508018498	0.2175306922144914	-2.4019909478872483	1.4650515069735137	0.14300685087772103
16	-19489.645062991753	-19489.43204594051	-19489.645062991753	0.2130170512429448	-19489.645062991753	0.5926507967259961	0.5088450539201771	2.457433000065799	0.24158680955993317	0.3032787010252495	0.2488423334432684	0.20629215597154893	3.6223994347252546	3.5053038868101276	0.1593008130734313
17	-19186.54252074128	-19196.142666902007	-19186.54252074128	-9.600146160726844	-19186.54252074128	1.7072704431054608	1.021331471598599	1.161599722271843	0.24301594940209514	0.3142136616552635	0.24901172917986317	0.19375865976277812	-6.607132899023501	2.017476581673487	0.17511277859044122
18	-19080.175521579287	-19082.140034527038	-19080.175521579287	-1.9645129477516614	-19080.175521579287	0.6901402240784912	1.177339925584508	0.8840509202297949	0.25326687010282106	0.3075270707673243	0.2632228627350654	0.17598319639478915	0.9874465463478006	2.730083420016112	0.02471410893258163
19	-19011.92045071167	-19016.59736798535	-19011.92045071167	-4.676917273679415	-19011.92045071167	0.699425948437392	1.3494563720476078	1.19719500164733	0.24780363229183489	0.3034352495010208	0.2927344499203537	0.15602666828679057	-1.5409585450517564	1.8676845461819498	0.08602805577282908
20	-18897.143061273106	-18903.64694403789	-18897.143061273106	-6.503882764782837	-18897.143061273106	0.885043588173794	0.8583309058516218	2.079331203169352	0.25710381026774065	0.3052720092885506	0.28322165753416645	0.15440252290954226	-3.1922242185604848	2.4917952224162265	0.08749642180419114
21	-18889.056492121526	-18894.033225016225	-18889.056492121526	-4.976732894696492	-18889.056492121526	0.8712272615269834	0.6057762213994423	1.5378863758267363	0.2618995534832667	0.29248910756862345	0.2801680871596061	0.1654432517885038	-1.9383901709731806	1.744474263957183	0.13832819580521644
22	-18840.770525337135	-18844.655398698018	-18840.770525337135	-3.8848733608821195	-18840.770525337135	1.3622577007826204	0.7750540043563442	1.0896271720256834	0.2618995534832667	0.30629159453787785	0.27244615382042514	0.15936269815843032	-0.9984077698866249	1.9464992214549708	0.44685837382750065
23	-18794.657884654043	-18803.231703541915	-18794.657884654043	-8.573818887872525	-18794.657884654043	1.0143532987492117	2.8483926928056116	0.937957043408114	0.2599543927148433	0.3270828938151919	0.256943280226083	0.15601943324388193	-4.9439459161398505	2.312511262098321	0.2842722863533697
24	-18770.415436125528	-18771.609269606994	-18770.415436125528	-1.1938334814657916	-18770.415436125528	0.6249294019746116	3.009117915068655	0.9075824616463817	0.25781798354868724	0.32178621754767484	0.2509090183913464	0.16948678051229163	2.4833835115259646	2.0204402867464206	0.6752480809530618
25	-18480.613749333257	-18486.782792719696	-18480.613749333257	-6.169043386438658	-18480.613749333257	0.9887386766522177	1.1393916171001595	1.106635372278131	0.2656010187102782	0.30659777496289753	0.24339928343969652	0.18440192288712787	-3.1526899699633275	1.650930952691813	0.37468287194404515
26	-18034.44059158813	-18038.222119330032	-18034.44059158813	-3.7815277419030235	-18034.44059158813	0.7388206534850784	1.2156327989906717	0.5563274443681298	0.26333157547946373	0.3121331085187518	0.2383083859453924	0.18622693005639218	-0.8759344330069925	2.316721587310518	0.05459456242007683
27	-17932.87699208365	-17937.194089023746	-17932.87699208365	-4.317096940097768	-17932.87699208365	0.7805614868250181	0.8388291180359332	0.6684904737038666	0.2782782276388264	0.2969073570923463	0.2442919195180015	0.18052249575082585	-1.5394000174232447	1.6017281029171473	0.3782807698546527
28	-17869.21573870418	-17871.57825145643	-17869.21573870418	-2.362512752249189	-17869.21573870418	0.8040964954594044	1.2160741571883467	1.736275240572285	0.28984298278071075	0.2870522465212405	0.23848936399126575	0.18461540670678311	0.9403652676884491	2.7165149892296343	0.3820887195736239
29	-17708.45955488854	-17717.31089440633	-17708.45955488854	-8.851339517790134	-17708.45955488854	1.3971743183555583	0.7043015137668495	0.5251485174677132	0.28464783558475126	0.2903745212219747	0.2455019392908592	0.1794757039024149	-6.1131704891378575	1.4843394435180906	0.3719514290856594
30	-17306.63200605289	-17314.368937346168	-17306.63200605289	-7.7369312932802075	-17306.63200605289	1.4457534367790208	1.4054062449060536	1.7332639212872096	0.28584604141149655	0.2950674956169665	0.23689143377713817	0.18219502919439887	-4.358382080623373	1.9015841883930737	0.16662970032569113
31	-17246.38041428066	-17244.216878371022	-17246.38041428066	2.1635359096368605	-17246.38041428066	0.7524730870710887	0.8749432896993983	0.6241995641971336	0.2876039554100502	0.3049130938406524	0.2365014918133058	0.17098145893599165	4.9467292349722145	3.433475302149245	0.25142709736747615
32	-17005.518050193965	-17009.743261259413	-17005.518050193965	-4.225211065446765	-17005.518050193965	1.1594810597926277	1.4251260499997647	0.6761786266866608	0.29265074384789963	0.3049130938406524	0.23047374370141663	0.17196241861003136	-1.2252238528919603	1.9309949607746142	0.3181310253952104
33	-16866.818520361292	-16866.95086161133	-16866.818520361292	-0.13234125003776454	-16866.818520361292	1.0427237439049633	0.775241914941642	2.4158004418285643	0.3018454252415335	0.3049130938406524	0.2244996654516889	0.1687418154661252	3.287397643455506	2.9276537184301668	0.1414028715256963
34	-16761.52807067522	-16761.44886036886	-16761.52807067522	0.07921030636063064	-16761.52807067522	0.7656175723506006	1.1478870997734487	1.0998764694798826	0.3190969950286364	0.30222491517585126	0.2073305391475702	0.17134755064794216	3.0962852908062364	2.347843249707476	0.1966777453421464
35	-16752.41687667742	-16754.302069410518	-16752.41687667742	-1.8851927330969034	-16752.41687667742	0.768940467934456	1.1478870997734487	1.0142088686723654	0.3138582182185926	0.29503752026123936	0.2140242558000092	0.17708000572015883	1.0998538658908066	3.427023097460498	0.1440417865916173
36	-16520.318956307892	-16522.144263327787	-16520.318956307892	-1.8253070198967203	-16520.318956307892	0.7409911274467789	1.7717581136209395	2.152957681219903	0.3101496336352396	0.29615230709465834	0.21784734727253438	0.17585071199756766	1.8736944721396505	2.761371380290964	0.6401651270765768
37	-16415.43974869973	-16417.90758304129	-16415.43974869973	-2.4678343415600534	-16415.43974869973	0.7267933894940458	1.3249463396312386	2.2676598755525834	0.3121825203425955	0.2949307806119935	0.21687315365753645	0.17601354538787461	1.0922192833723683	2.6325000091817112	0.25164450790084136
38	-16394.21777991591	-16394.548579840328	-16394.21777991591	-0.33079992441693795	-16394.21777991591	0.7088111920757837	1.3037196930946873	0.9564818639344226	0.2938472514155374	0.28392174420185434	0.23968376664800736	0.18254723773460096	2.6959694078063725	3.4722582608137627	0.1338885820119732
39	-16194.995673636711	-16198.08841675926	-16194.995673636711	-3.0927431225480513	-16194.995673636711	1.1924539245401309	1.2629637845167727	1.4836869869521159	0.2938472514155374	0.2886290076320565	0.23968376664800736	0.17783997430439877	0.12474856030796033	2.2041467745417602	0.2832592231349625
40	-16102.568465356673	-16104.64730089073	-16102.568465356673	-2.0788355340573963	-16102.568465356673	0.8103633919792329	0.9249530720059418	1.42371881130028	0.2938472514155374	0.2886290076320565	0.23968376664800736	0.17783997430439877	0.9863061756150264	4.4162716876959385	0.009948709809595823
41	-16068.958528667816	-16070.093182921579	-16068.958528667816	-1.1346542537623676	-16068.958528667816	0.7290073937743852	1.2522122451378235	1.9332630019802195	0.2962970991925713	0.2886290076320565	0.24541574589412474	0.1696581472812475	2.263038973730456	3.0568793618707057	0.10722554222603352
42	-16043.941577509977	-16049.770954647924	-16043.941577509977	-5.829377137947002	-16043.941577509977	0.9063416749702597	1.3543965838500471	1.9389181986383734	0.287346183798074	0.2836015500461912	0.2663564573490967	0.16269580880663823	-2.3878967253107097	1.9296591491083597	0.7029092190509002
43	-16039.917361395728	-16037.048849174107	-16039.917361395728	2.868512221620639	-16039.917361395728	0.6560183894506063	0.874836939713806	1.1449924162048992	0.2882215342720663	0.2957798763300935	0.2555728350823787	0.1604257543154616	5.804869460339662	2.6389547307973706	0.14007336649780866
44	-15994.374637022702	-15995.730350533855	-15994.374637022702	-1.3557135111539496	-15994.374637022702	0.722474653794293	0.8542656330222799	0.7888036398163515	0.2847210935041465	0.29661836666766256	0.250523156586293	0.16813738324189811	1.452289812396228	2.7413891361434133	0.015450556934437745
45	-15967.513078237062	-15968.76660569045	-15967.513078237062	-1.2535274533901495	-15967.513078237062	0.7307397621706868	0.9671580227884059	1.5212129290803467	0.2891627245790162	0.28819021608409257	0.24430955924842296	0.17833750008846835	1.8663106416202497	3.995963905554123	0.10051229168539601
46	-15900.879069986922	-15900.241253359643	-15900.879069986922	0.6378166272787749	-15900.879069986922	0.7465649411900431	0.9493033034743699	1.0141311549555514	0.3092938611402106	0.28520960087486785	0.22318261591544677	0.1823139220694748	3.549231894519492	2.4222621840924194	0.2957986081155779
47	-15782.210738671982	-15784.631837961128	-15782.210738671982	-2.421099289146648	-15782.210738671982	1.0276549329299949	0.9172454355629557	0.7960677332246836	0.3070208444740445	0.29396096558304724	0.22566150732034448	0.17335668262256385	0.4088953837129168	1.8805176850278975	0.3360396818212429
48	-15774.72634272717	-15777.311010399884	-15774.72634272717	-2.584667672714736	-15774.72634272717	0.8428129156618076	0.811314911779182	0.7960677332246836	0.3018353221456889	0.28796682112315297	0.23630191000250148	0.1738959467286567	0.21275170269243704	1.812139691890532	0.28508085409743594
49	-15754.733588333498	-15756.437637470495	-15754.733588333498	-1.7040491369978248	-15754.733588333498	0.8793633996293767	0.9144415885703694	0.8600583409693062	0.303014654351213	0.2797749059260296	0.23630191000250148	0.18090852972025598	1.1434768142836838	2.3337523332829453	0.16063957776632642
50	-15728.41316244496	-15728.558230477249	-15728.41316244496	-0.1450680322891602	-15728.41316244496	0.7220933773392837	1.2119559851890025	1.3661118104056673	0.3032682803111992	0.2819745103739907	0.23391371934133431	0.18084348997347588	3.0035788991798347	3.117195318642825	0.05842287466609595
51	-15676.541429484465	-15678.889616094848	-15676.541429484465	-2.3481866103834763	-15676.541429484465	0.9622859907026614	1.228607844731143	0.7978103717955942	0.2963444202799146	0.289894945924326	0.21653152308587403	0.19722911070988539	0.5986681289281375	2.8409305818669175	0.0460286497380413
52	-15675.77039053262	-15676.034307315218	-15675.77039053262	-0.2639167825989379	-15675.77039053262	0.7899927438211198	0.7520685541454806	0.8091276746370615	0.2862425150001657	0.2993124508959356	0.21760208555218233	0.19684294855171647	2.521759492187158	2.6716883875079067	0.033579983293680615
53	-15629.918314059703	-15632.310108377002	-15629.918314059703	-2.3917943172984937	-15629.918314059703	0.9110815820942042	1.4345073472326892	1.2286942194704784	0.2816074368332915	0.2796191752993158	0.22883849630359707	0.20993489156379572	0.7916429785339352	2.7300125777954456	0.010803651068959752
54	-15593.52260652713	-15596.04255769737	-15593.52260652713	-2.519951170239886	-15593.52260652713	0.9223751574216138	1.4345073472326892	1.205117385394797	0.2811312663896482	0.28196787613475144	0.22840707840887306	0.20849377906672734	0.6540774373044909	1.9849008525392406	0.25963307759387033
55	-15577.38171036122	-15574.573422659118	-15577.38171036122	2.8082877021030566	-15577.38171036122	0.5717161486357195	0.5782878578528513	1.0120478370457724	0.2823517895542892	0.2847495446248983	0.22295508161697852	0.20994358420383397	5.635629317092926	3.5303678390893674	0.04034188939191626
56	-15560.593434310249	-15558.442811520015	-15560.593434310249	2.1506227902345274	-15560.593434310249	0.6497851063112534	0.7050949141052804	1.1590713463523987	0.30523743661964164	0.27858800588543875	0.20870484313520643	0.20746971435971312	5.04818169066915	3.9077469136402034	0.10252372110781134
57	-15556.367011064705	-15558.932647829102	-15556.367011064705	-2.565636764397433	-15556.367011064705	0.9736549558354806	0.8732692021591134	1.0927789879691905	0.3025974090391406	0.27223401022078164	0.21769886638036456	0.20746971435971312	0.3500792234795238	2.9487062162029973	0.19350055855570283
58	-15518.119460483049	-15517.334720579358	-15518.119460483049	0.7847399036910747	-15518.119460483049	0.7413406266961872	0.8633556881705626	1.1664670440961697	0.29843465734730884	0.2769297466787556	0.21878975240455897	0.20584584356937652	3.725937709641782	2.028809111116822	0.5576228792445298
59	-15467.782999160183	-15468.705672880811	-15467.782999160183	-0.9226737206287012	-15467.782999160183	0.7654738778061195	0.9785189759741989	1.0948895524447337	0.2883216224259654	0.26533416435956386	0.22540184623848936	0.22094236697598132	2.029088942458702	1.8842476036677567	0.40001334556642226
60	-15453.180838055665	-15453.610351491254	-15453.180838055665	-0.4295134355888113	-15453.180838055665	0.812289445750907	0.9785189759741989	1.0688217141693475	0.29500847991975543	0.26602376768305147	0.2180253854212117	0.22094236697598132	2.5123621947763866	3.1040145082540587	0.1669454875533646
61	-15447.77039397611	-15449.014828971101	-15447.77039397611	-1.2444349949916087	-15447.77039397611	0.9014734984011088	1.1690058300089967	1.1712811506859333	0.2905342952777498	0.26602376768305147	0.2162241771438985	0.22721775989530013	1.8086611072146237	3.270575871923387	0.0691315095587753
62	-15437.777315169684	-15438.390660783749	-15437.777315169684	-0.613345614065012	-15437.777315169684	0.8242883936281569	0.691066012305433	1.1520510400958623	0.2891532342468998	0.2649255730946689	0.22490657377649761	0.22101461888193355	2.2788526588661924	2.1056236098781382	0.2248089220728845
63	-15428.392278915979	-15433.062882403732	-15428.392278915979	-4.670603487752753	-15428.392278915979	0.8915075183066032	1.017371365268846	0.8932139922443304	0.2667455916424797	0.2766729953161448	0.22727467030548465	0.22930674273589077	-1.7767179305178198	3.844660380823314	0.46995447451176203
64	-15416.305381034606	-15417.946220169937	-15416.305381034606	-1.640839135329781	-15416.305381034606	0.762401646400024	1.017371365268846	1.0851657101490477	0.2667455916424797	0.28409131898074724	0.22722474202853185	0.2219383473482411	1.3211813904476442	1.8229765784348544	0.591925973763215
65	-15414.128861760468	-15415.703190549575	-15414.128861760468	-1.5743287891075084	-15414.128861760468	0.8285784887580531	1.0225925873640178	1.0851657101490477	0.25518495687969756	0.27768524668657607	0.24188563185379866	0.22524416457992757	1.3895993648060583	1.1959045750597628	0.517313583153072
66	-15397.869394104355	-15399.671272355627	-15397.869394104355	-1.8018782512714786	-15397.869394104355	0.7663580906546003	1.0368161825148885	0.932327535685228	0.23805887605703765	0.2839922781044774	0.24511755832086785	0.2328312875176169	1.1120654774658827	2.223865658610908	0.04079168981961214
67	-15385.835213896533	-15387.152557505508	-15385.835213896533	-1.3173436089742545	-15385.835213896533	0.8077827551359538	1.1273409151739389	0.927634794579436	0.2313744153294251	0.29482978714698704	0.24139231549185605	0.23240348203173158	1.629331600408129	2.820868172631849	0.006884041529002134
68	-15371.305204459855	-15372.12905269393	-15371.305204459855	-0.8238482340755833	-15371.305204459855	0.8594105726358897	1.1273409151739389	1.067450763190189	0.22860780459836416	0.28263437736217434	0.24675463566643066	0.24200318237303056	2.1729253239631046	4.053782115789786	0.04072129428064843
69	-15367.214491957842	-15367.09625226281	-15367.214491957842	0.11823969503254439	-15367.214491957842	0.8906807905274414	1.0409383136223789	1.1108345195873317	0.24280454905812188	0.2672785068768644	0.2529173887434762	0.23699955532153727	3.0987387759635743	3.105589082031327	0.047970929679216824
70	-15364.33221862215	-15364.043631226776	-15364.33221862215	0.2885873953742091	-15364.33221862215	0.8220455557272897	0.9688539654354402	1.1894748585852861	0.24361397465712187	0.2621610821204224	0.25391608987862535	0.2403088533438301	3.2737793747722588	3.279121173821135	0.03820563094747212
71	-15361.172278683625	-15363.361052762193	-15361.172278683625	-2.1887740785678456	-15361.172278683625	0.9160145543564566	1.053056726151458	1.0428495484271374	0.24637757314213543	0.2569617919120948	0.2594777586867485	0.237182876259021	0.7705240889180311	2.0030901005531274	0.410462850626036
72	-15360.91580460067	-15364.039254066309	-15360.91580460067	-3.1234494656383145	-15360.91580460067	0.8076607596284439	1.0545529149321307	1.0278888514224132	0.25053147621934235	0.2382397639234548	0.25876494284470136	0.2524638170125012	-0.169115704739897	1.3332665564828117	0.7308641396286008
73	-15344.063741679296	-15345.843218572056	-15344.063741679296	-1.7794768927598197	-15344.063741679296	0.8989751851691897	0.9780630284725471	1.0552784336287415	0.2616383601985544	0.24307388396369142	0.2511051243301645	0.24418263150758926	1.1571555532862337	1.7018899883892151	0.4126951288657973
74	-15339.251157180814	-15341.812610160778	-15339.251157180814	-2.5614529799647365	-15339.251157180814	0.8011970101580953	0.9780630284725471	1.1219790740082434	0.26528561638014575	0.23813795244954708	0.2523937996627175	0.24418263150758926	0.40055624008418445	3.7014373217262473	0.4645770828749984
75	-15333.350285766353	-15335.205334983795	-15333.350285766353	-1.8550492174425541	-15333.350285766353	0.933121138213543	0.963463747193178	1.1147745769350208	0.24347587251992672	0.2524341529948698	0.2707439671635056	0.23334600732169747	1.0990514092043249	3.8429305406788936	0.2786604397691024
76	-15329.975032488652	-15330.61286546919	-15329.975032488652	-0.637832980538348	-15329.975032488652	0.8125603552011514	0.8918125425294602	1.1300943000561519	0.24014048098495894	0.2579678517843045	0.2596510831378023	0.24224058409293392	2.2981214691286036	2.836065681180417	0.03942348230689875
77	-15328.520438315207	-15329.9664384052	-15328.520438315207	-1.4460000899921521	-15328.520438315207	0.9300007610259093	0.8918125425294602	1.1051657749228014	0.257802800472114	0.2487177566179511	0.245875312029438	0.2476041308804966	1.4803375800954264	3.448810315191061	0.07749947108348237
78	-15328.28927492412	-15330.462919508644	-15328.28927492412	-2.1736445845237133	-15328.28927492412	0.9452259106514157	1.14629034454187	1.1051657749228014	0.25879429280826033	0.25218574252288584	0.24652693733136022	0.24249302733749323	0.8448337733910618	1.9840383301060511	0.03213828228155208
79	-15327.286971708556	-15327.296247659748	-15327.286971708556	-0.00927595119230884	-15327.286971708556	0.8393663373055505	0.901836665013729	1.0971453306279937	0.25879429280826033	0.2526508950335469	0.2546675459155755	0.2338872662426169	2.917235218610477	3.116382597919835	0.12709770537453818
80	-15327.06354579156	-15328.773620024867	-15327.06354579156	-1.7100742333071606	-15327.06354579156	0.9909615976283067	0.901836665013729	0.959833447820409	0.2607272832064202	0.24872166210453248	0.2529286916290141	0.23762236306003287	1.1660896188496737	1.5261886051970484	0.46631655111280634
81	-15320.813045598466	-15320.587573884544	-15320.813045598466	0.22547171392236454	-15320.813045598466	0.8201368703651201	0.9646447170542385	0.9905475059168487	0.2509752251855458	0.26032820856600164	0.2414166535304666	0.2472799127179855	3.1337019298015987	2.9649864199152485	0.10387020036098829
82	-15314.754076185869	-15315.481497046898	-15314.754076185869	-0.7274208610282344	-15314.754076185869	0.9109577654415503	0.9646447170542385	0.9233904154158468	0.2596235369730088	0.25429538590833667	0.2464128343134446	0.23966824280520949	2.157539269118991	2.693743280487284	0.3537281443964448
83	-15313.828192890755	-15314.620416310558	-15313.828192890755	-0.7922234198039741	-15313.828192890755	0.9478167590753402	0.9646447170542385	0.9292358775631521	0.2601999754145497	0.25371894746679574	0.25537942497950344	0.23070165213915061	2.0946993288782343	3.029451459789134	0.16865089653493032
84	-15310.858670604306	-15312.026076891863	-15310.858670604306	-1.1674062875576465	-15310.858670604306	0.9138602816595629	0.9520930688832528	0.9292358775631521	0.2520047407798169	0.255770918536292	0.2523973494272304	0.2398269912566602	1.715158123549938	2.7567267283076475	0.2042455039621441
85	-15310.153704750326	-15312.618516745777	-15310.153704750326	-2.4648119954503143	-15310.153704750326	1.0083929613104599	0.941267515460201	0.9292358775631521	0.23870980574489403	0.2567984549077287	0.2539431465998172	0.2505485927475597	0.41403680735033044	1.724402140837993	0.24187125688476338
86	-15307.443870940868	-15309.43977887033	-15307.443870940868	-1.995907929462485	-15307.443870940868	0.9195208804270727	0.951871161589369	0.9292358775631521	0.255098464869326	0.25957386473884836	0.24453784396583922	0.240789826425986	0.8865799067551356	1.1516929966583473	0.6775827470826103
87	-15306.598222328783	-15308.778435654933	-15306.598222328783	-2.18021332615018	-15306.598222328783	0.9204846715227093	1.0139084960054685	1.0110496409001595	0.2511891258380242	0.26038832141119106	0.2437233872934965	0.2446991654572878	0.7529791504679988	1.668306439497944	0.6928414696241146
88	-15305.358995225866	-15306.879329957414	-15305.358995225866	-1.5203347315481581	-15305.358995225866	0.9107733865625361	0.9927086259149757	1.0110496409001595	0.2468326459648796	0.26038832141119106	0.2476043905836822	0.2451746420402467	1.4052067610468866	3.115432608858306	0.343618578038879
89	-15304.867045916517	-15308.169879335055	-15304.867045916517	-3.302833418538896	-15304.867045916517	0.8872800079597448	0.9927086259149757	1.0502967258151916	0.25253139992532875	0.26038832141119106	0.25447453066007636	0.23260574800340336	-0.36284984159238043	3.4902237464202495	0.47551736655991744
90	-15303.165090681678	-15308.218865935183	-15303.165090681678	-5.053775253505149	-15303.165090681678	0.9279831749114014	0.9564644324812371	1.0471868043469252	0.24548016543160486	0.2580855131434472	0.25447453066007636	0.24195979076487112	-2.127722351115634	0.898733464838738	0.9043778738162181
91	-15303.035919087883	-15304.035542394502	-15303.035919087883	-0.9996233066188056	-15303.035919087883	0.9019110356059292	0.9859816593278004	1.0471868043469252	0.25047626028989073	0.2519680389922995	0.2528456211566948	0.2447100795611145	1.936801254728305	2.4564594736165546	0.10456077851779702
92	-15302.785493774349	-15304.096585687977	-15302.785493774349	-1.3110919136287245	-15302.785493774349	0.863602873040377	0.9859816593278004	1.0471868043469252	0.25008414984053073	0.2547273153015054	0.24855637411283685	0.2466321607451266	1.6253326477183863	1.9156324753913005	0.33482939321824734
93	-15302.004863978602	-15302.725546540423	-15302.004863978602	-0.7206825618218646	-15302.004863978602	0.8821990801314645	0.9859816593278004	1.0471868043469252	0.2503948300068529	0.2547273153015054	0.24952672889336144	0.24535112579827983	2.215741999525246	3.298284139132409	0.11304083436102787
94	-15301.335831222355	-15301.96243053114	-15301.335831222355	-0.6265993087855242	-15301.335831222355	0.9020717896371063	0.9873536168921859	1.047300742208048	0.2503948300068529	0.25591197901637536	0.24754370365463563	0.24614948732213573	2.310356268031308	2.781066616127938	0.18263971424043537
95	-15300.758826305691	-15301.550565522422	-15300.758826305691	-0.791739216730694	-15300.758826305691	0.9104059989193419	0.9873536168921859	1.0479107229526234	0.2523377081334866	0.25306916703699384	0.24279429931761817	0.251798825511901	2.1454433051379427	2.835892028460232	0.22238989885490723
96	-15300.601287266129	-15301.449853260234	-15300.601287266129	-0.8485659941058203	-15300.601287266129	0.8981470065303291	1.0047685427755362	1.073443700356756	0.24827389933662664	0.2597361946743027	0.24279429931761817	0.24919560667145213	2.1044391973622787	3.1407616476688407	0.22768836667912223
97	-15300.53718366887	-15301.823752028642	-15300.53718366887	-1.2865683597726683	-15300.53718366887	0.9087645664983142	1.0050541078843727	1.0073710281724522	0.24827389933662664	0.26389378840641525	0.24715341713317376	0.24067889512378393	1.6420799357053557	3.278334108100369	0.22301560105083434
98	-15300.471562387324	-15302.095200694568	-15300.471562387324	-1.6236383072449738	-15300.471562387324	0.9030412668140786	1.0046850578593418	1.0073710281724522	0.2508762788465713	0.26129140889647057	0.24715341713317376	0.24067889512378393	1.3048766322492673	2.176179126521573	0.5239120073846174
99	-15299.369502697653	-15300.762527251913	-15299.369502697653	-1.3930245542593995	-15299.369502697653	0.9331039544365043	1.0046850578593418	1.0073710281724522	0.24765897693648514	0.2568175894185091	0.2544701162382645	0.24105331740674085	1.5354903852348416	1.7582646385493217	0.3978592304969424
100	-15298.805893440895	-15299.940668126805	-15298.805893440895	-1.134774685910522	-15298.805893440895	0.9008238210960631	0.9956905293049646	1.0073710281724522	0.24900766641928856	0.25387025925828416	0.2529647234706053	0.24415735085182155	1.7905017868987958	3.8943504972356164	0.09771096710649173
101	-15298.78095818987	-15300.855415714504	-15298.78095818987	-2.074457524634986	-15298.78095818987	0.884761071826391	0.9956905293049646	1.0073710281724522	0.2459193141905526	0.25610253539524686	0.2538207995623785	0.24415735085182155	0.8508189481743318	1.4901125358859555	0.34986380859544386
102	-15298.721669733406	-15300.20222309283	-15298.721669733406	-1.4805533594236908	-15298.721669733406	0.9226016883370092	0.9771274229829429	1.0073710281724522	0.252048119095457	0.25610253539524686	0.24769199465747413	0.24415735085182155	1.4381134707619818	2.458815316419616	0.4143864370811956
103	-15298.479614659062	-15299.915195780355	-15298.479614659062	-1.435581121293941	-15298.479614659062	0.896261736331486	0.9771274229829429	1.0483365436349583	0.25523112629311584	0.24840981921614444	0.24832900301424682	0.24803005147649246	1.4981313404098806	2.1622740010845147	0.5494403552593518
104	-15298.457384422822	-15300.720235694858	-15298.457384422822	-2.2628512720373952	-15298.457384422822	0.9277451717222704	0.9771274229829429	1.0483365436349583	0.25677593932112347	0.24840981921614444	0.25410339215196537	0.24071084931076633	0.6708611896664265	1.0306581778612232	0.6567880168833728
105	-15298.359967289485	-15299.63790996021	-15298.359967289485	-1.2779426707261077	-15298.359967289485	0.8643510025862745	0.9771274229829429	1.0592375206345939	0.25344076539157206	0.2517449931456958	0.2503782269267783	0.24443601453595343	1.659840636908867	2.1362166894517047	0.10451960241546657
106	-15297.695827102281	-15298.404810063235	-15297.695827102281	-0.7089829609533536	-15297.695827102281	0.878477024569142	0.9771274229829429	1.0104284529583105	0.25344076539157206	0.25818951668023776	0.24393370339223633	0.24443601453595343	2.2107920160930288	3.460247190009694	0.06870199125667581
107	-15297.654056057683	-15298.880872470183	-15297.654056057683	-1.2268164124993617	-15297.654056057683	0.9260466490686331	0.9771274229829429	1.0104284529583105	0.25344076539157206	0.25818951668023776	0.2484666695161146	0.23990304841207516	1.6929585645470207	2.914149160436267	0.32021702633909416
108	-15297.455895728748	-15298.883110719155	-15297.455895728748	-1.4272149904056708	-15297.455895728748	0.9048994321811717	0.9645689989395968	1.0393275135814783	0.24905533628503887	0.25818951668023776	0.2528520986226478	0.23990304841207516	1.498741735343264	1.9336038771414834	0.25940240915192153
109	-15297.43493237057	-15298.289688882194	-15297.43493237057	-0.8547565116246891	-15297.43493237057	0.8942708967040042	0.9645689989395968	1.0393275135814783	0.24894567947107857	0.25818951668023776	0.2523717164139491	0.24049308743473413	2.0712002141242456	2.730533756085401	0.24447238651291192
110	-15297.433442490836	-15298.242968258837	-15297.433442490836	-0.8095257680017374	-15297.433442490836	0.911396272952459	0.9645689989395968	1.0393275135814783	0.2501767553860779	0.2569584407652384	0.2523717164139491	0.24049308743473413	2.1164309577471974	2.758722420223859	0.24692995422879924
111	-15297.410866748141	-15300.777875896554	-15297.410866748141	-3.3670091484119657	-15297.410866748141	0.9007537343540637	0.9645689989395968	1.0393275135814783	0.2501767553860779	0.2569584407652384	0.2523717164139491	0.24049308743473413	-0.4410524226630308	3.587980647483219	0.48502825036616043
112	-15297.266006602156	-15300.448415099689	-15297.266006602156	-3.182408497532406	-15297.266006602156	0.9074557290216257	0.9645689989395968	1.0393275135814783	0.2497950968733603	0.2569584407652384	0.2527533749266667	0.24049308743473413	-0.2564517717834711	1.2790913758793034	0.3534165083343279
113	-15297.235321437736	-15299.401038984077	-15297.235321437736	-2.1657175463404936	-15297.235321437736	0.9119791372362622	0.9645689989395968	1.0393275135814783	0.25146954050108095	0.2541228278382931	0.25279789812535586	0.24160973353526968	0.7602391794084413	1.9243636939089785	0.043636687316024166
114	-15297.211332602923	-15301.854988442834	-15297.211332602923	-4.64365583991014	-15297.211332602923	0.9012415622949775	0.9645689989395968	1.0393275135814783	0.25117703782866585	0.2510219690574878	0.25279336652214623	0.24500762659169972	-1.717699114161206	1.3279454081033952	0.10656848069049424
115	-15297.110414551124	-15297.557599214299	-15297.110414551124	-0.4471846631755214	-15297.110414551124	0.8743940617023085	0.9645689989395968	1.0393275135814783	0.25478794518355125	0.2510219690574878	0.24918245916726084	0.24500762659169972	2.4787720625734133	2.9412542925195866	0.16418370760452894
116	-15296.991524655883	-15298.012812760788	-15296.991524655883	-1.0212881049054843	-15296.991524655883	0.9020360330147505	0.9645689989395968	1.0393275135814783	0.2553146435998859	0.2528661085469911	0.24865576075092616	0.24316348710219646	1.9046686208434505	2.407805381227951	0.40520325057804835
117	-15296.935229081613	-15297.416875263703	-15296.935229081613	-0.48164618209034127	-15296.935229081613	0.8893147259955975	0.9645689989395968	1.0393275135814783	0.25464202648484324	0.2528661085469911	0.24932837786596884	0.24316348710219646	2.4443105436585935	2.87938262776287	0.05062264093572215
118	-15296.902302035342	-15297.676780030864	-15296.902302035342	-0.7744779955230399	-15296.902302035342	0.9115096226977089	0.9645689989395968	1.0393275135814783	0.25464202648484324	0.2506038311143283	0.24932837786596884	0.2454257645348592	2.151478730225895	2.6444555264673784	0.22860934338652775
119	-15296.876611577713	-15298.150732684997	-15296.876611577713	-1.2741211072839433	-15296.876611577713	0.8831795090688468	0.9645689989395968	1.0035276563222135	0.25464202648484324	0.2506038311143283	0.24932837786596884	0.2454257645348592	1.6387445683115445	1.9832620280717161	0.20831537461754107
120	-15296.71743063647	-15297.444536502693	-15296.71743063647	-0.7271058662232701	-15296.71743063647	0.9131015187759564	0.9642962823819903	1.0035276563222135	0.24935406407169874	0.2558917935274728	0.24932837786596884	0.2454257645348592	2.1856645647794535	2.6632922515586928	0.09601315497375873
121	-15296.510221271903	-15297.297915633822	-15296.510221271903	-0.7876943619200276	-15296.510221271903	0.902427192346829	0.9642962823819903	1.0035276563222135	0.25208957603841936	0.2531562815607522	0.25108131872860245	0.24367282367222562	2.125076069082696	3.152091511988911	0.1232181854215275
122	-15296.494296220671	-15297.507971494082	-15296.494296220671	-1.0136752734112846	-15296.494296220671	0.9003935095622567	0.9642962823819903	1.0035276563222135	0.25201041417215886	0.2532354434270127	0.25108131872860245	0.24367282367222562	1.899095157591439	2.2135531992049406	0.20376181971563131
123	-15296.484634799699	-15299.063725151407	-15296.484634799699	-2.579090351708457	-15296.484634799699	0.9120408252713312	0.9642962823819903	1.0326788378756924	0.25201041417215886	0.2532354434270127	0.25108131872860245	0.24367282367222562	0.34431552335405957	3.371104331648824	0.4189390775491259
124	-15296.384811769489	-15297.611493501112	-15296.384811769489	-1.226681731622499	-15296.384811769489	0.9184094265347532	0.9642962823819903	1.0326788378756924	0.25109239605621375	0.2532354434270127	0.25108131872860245	0.2445908417881707	1.6967241434400178	2.0450867405254645	0.32641001391303615
125	-15296.35693788752	-15297.914892524735	-15296.35693788752	-1.557954637215578	-15296.35693788752	0.9065059175179203	0.9642962823819903	1.0326788378756924	0.25109239605621375	0.2532354434270127	0.25108131872860245	0.2445908417881707	1.3654512378469388	3.0084652790755224	0.3623653668592175
126	-15296.32058485671	-15297.071289976762	-15296.32058485671	-0.7507051200510129	-15296.32058485671	0.9038742840169066	0.9642962823819903	1.0326788378756924	0.25109239605621375	0.2532354434270127	0.25108131872860245	0.2445908417881707	2.172700755011504	2.6616695804480712	0.13905589128463358
127	-15296.318395836459	-15297.816927104192	-15296.318395836459	-1.49853126773232	-15296.318395836459	0.8861938386313752	0.9642962823819903	1.0326788378756924	0.25109239605621375	0.2532354434270127	0.25108131872860245	0.2445908417881707	1.4248746073301968	3.4976164111125763	0.2786318730629542
128	-15296.279347806543	-15297.816743238564	-15296.279347806543	-1.5373954320211034	-15296.279347806543	0.908028197307452	0.9642962823819903	1.023856526307538	0.25109239605621375	0.2532354434270127	0.2518203390049702	0.24385182151180293	1.3827686863330833	3.4397441197829988	0.2726309403101764
129	-15296.261113552337	-15298.000713686053	-15296.261113552337	-1.7396001337173137	-15296.261113552337	0.8960256972596332	0.9642962823819903	1.012075165251987	0.25109239605621375	0.2532354434270127	0.2518203390049702	0.24385182151180293	1.1762657325230759	3.6372713431208084	0.2737856109964401
130	-15296.204848787997	-15297.516014139288	-15296.204848787997	-1.311165351290832	-15296.204848787997	0.8866298151313144	0.9642962823819903	1.0280438856684004	0.25109239605621375	0.2549991807319998	0.2500566016999831	0.24385182151180293	1.6105350045476428	3.8437088898249163	0.14220632580529358
131	-15296.175699051788	-15300.924581022231	-15296.175699051788	-4.748881970443309	-15296.175699051788	0.8937863687289417	0.9642962823819903	1.0280438856684004	0.25109239605621375	0.2549991807319998	0.2500566016999831	0.24385182151180293	-1.8271816146048339	0.667716987022546	0.6300438228350216
132	-15296.17451029297	-15297.132043146945	-15296.17451029297	-0.9575328539733547	-15296.17451029297	0.8876781764026193	0.9642962823819903	1.0280438856684004	0.25109239605621375	0.2549991807319998	0.2500566016999831	0.24385182151180293	1.96416750186512	2.5626671718203613	0.37809449966526665
133	-15296.173138999573	-15298.151572859526	-15296.173138999573	-1.9784338599521898	-15296.173138999573	0.8951003869045957	0.9642962823819903	1.006943516583386	0.25109239605621375	0.2549991807319998	0.2500566016999831	0.24385182151180293	0.9355712305386992	1.2085052892886359	0.7526663310833661
134	-15296.161237586148	-15297.54156524274	-15296.161237586148	-1.3803276565920006	-15296.161237586148	0.9005524707840451	0.9642962823819903	1.006943516583386	0.25109239605621375	0.2549991807319998	0.2500566016999831	0.24385182151180293	1.5336774338988883	1.567635302786183	0.5591013983741832
135	-15296.159007149357	-15298.804343577382	-15296.159007149357	-2.6453364280242884	-15296.159007149357	0.8988610904374374	0.9642962823819903	1.006943516583386	0.25109239605621375	0.2549991807319998	0.2500566016999831	0.24385182151180293	0.2686686624666006	2.2648027930859675	0.6543547816866688
136	-15296.154002870067	-15298.50859980654	-15296.154002870067	-2.3545969364729773	-15296.154002870067	0.8968019265096691	0.9642962823819903	1.006943516583386	0.25109239605621375	0.2549991807319998	0.2500566016999831	0.24385182151180293	0.5594081540179117	3.8121110769275672	0.3119458240654222
137	-15296.150529293602	-15298.383349463205	-15296.150529293602	-2.232820169604409	-15296.150529293602	0.8975625668135107	0.9642962823819903	1.006943516583386	0.25109239605621375	0.2549991807319998	0.2500566016999831	0.24385182151180293	0.68118492088648	1.2597003224128822	0.5043591615500038
138	-15296.134160402997	-15297.869658940906	-15296.134160402997	-1.735498537909692	-15296.134160402997	0.8914719079644855	0.9642962823819903	1.006943516583386	0.25109239605621375	0.2549991807319998	0.2489747607190367	0.24493366249274934	1.1785065525811969	1.4851880205812948	0.45772140888589075
139	-15296.112622569237	-15296.830453714743	-15296.112622569237	-0.7178311455065494	-15296.112622569237	0.900123663011695	0.9642962823819903	1.006943516583386	0.25109239605621375	0.2549991807319998	0.2489747607190367	0.24493366249274934	2.1961739449843396	2.731389602939356	0.11275299183678794
140	-15296.096322716909	-15297.05554070854	-15296.096322716909	-0.9592179916302133	-15296.096322716909	0.8987016612900122	0.9642962823819903	1.006943516583386	0.25109239605621375	0.2549991807319998	0.2489747607190367	0.24493366249274934	1.9547870988606757	2.6115929092023586	0.3228039144647576
141	-15296.075668328673	-15297.246265211284	-15296.075668328673	-1.1705968826125228	-15296.075668328673	0.8957519327922397	0.9642962823819903	1.006943516583386	0.25109239605621375	0.2549991807319998	0.2489747607190367	0.24493366249274934	1.7434082078783661	1.905506347549354	0.45036041262884535
142	-15296.07031321426	-15298.609861827508	-15296.07031321426	-2.5395486132473843	-15296.07031321426	0.8944467392029005	1.0054701607951986	1.025265536306967	0.25109239605621375	0.25372418529932833	0.24993630836203803	0.24524711028241947	0.3957707872503984	1.6381326553845446	0.17736592621518704
143	-15296.065504382605	-15298.072988988233	-15296.065504382605	-2.0074846056279405	-15296.065504382605	0.8948514263166506	1.0054701607951986	1.025892054364718	0.25109239605621375	0.25372418529932833	0.24993630836203803	0.24524711028241947	0.9280645908463843	1.6915121161138185	0.26119003092269455
144	-15296.063314949917	-15297.902139287033	-15296.063314949917	-1.8388243371162805	-15296.063314949917	0.8943977832521867	1.0054701607951986	1.025892054364718	0.25109239605621375	0.25372418529932833	0.24993630836203803	0.24524711028241947	1.0967248593580443	2.688567745186329	0.4959082784328316
145	-15296.046376510692	-15296.930204591785	-15296.046376510692	-0.8838280810930206	-15296.046376510692	0.8961240933652547	1.0054701607951986	1.025892054364718	0.25109239605621375	0.25372418529932833	0.24993630836203803	0.24524711028241947	2.051721115381304	2.5278715016673585	0.2722386654647183
146	-15296.042124822954	-15297.201424546309	-15296.042124822954	-1.1592997233552378	-15296.042124822954	0.8987908096272667	1.0054701607951986	1.025892054364718	0.25109239605621375	0.25372418529932833	0.24993630836203803	0.24524711028241947	1.776249473119087	1.932555438175769	0.41825311556036304
147	-15296.030494549615	-15297.333907959483	-15296.030494549615	-1.303413409867387	-15296.030494549615	0.8979538434067915	1.0054701607951986	1.025892054364718	0.25109239605621375	0.25372418529932833	0.24993630836203803	0.24524711028241947	1.6321357866069377	3.4519070361320177	0.22473269238081742
148	-15296.029936958988	-15297.255586839106	-15296.029936958988	-1.2256498801175404	-15296.029936958988	0.8977476618058705	1.0054701607951986	1.025892054364718	0.25109239605621375	0.25372418529932833	0.24993630836203803	0.24524711028241947	1.7098993163567844	2.0850787490691696	0.21998957445017178
149	-15296.029484650095	-15297.090111126909	-15296.029484650095	-1.0606264768146456	-15296.029484650095	0.8977476618058705	1.0054701607951986	1.025892054364718	0.2507588802218499	0.25372418529932833	0.24993630836203803	0.2455806261167833	1.8749227196596792	3.425830183934336	0.16516772260443738
150	-15296.024713599794	-15297.33652370263	-15296.024713599794	-1.3118101028352231	-15296.024713599794	0.8942796913439374	0.9733640212052421	1.025892054364718	0.2507588802218499	0.25372418529932833	0.24993630836203803	0.2455806261167833	1.6122799378612456	2.024101318036682	0.2020197333746145
151	-15296.01868921552	-15297.530398775134	-15296.01868921552	-1.5117095596150019	-15296.01868921552	0.8987464712228678	0.9733640212052421	1.025892054364718	0.2509587626116361	0.25372418529932833	0.24973642597225187	0.2455806261167833	1.4123804810814669	3.0093382502024606	0.3853064635785325
152	-15296.017492559595	-15300.64038418216	-15296.017492559595	-4.62289162256472	-15296.017492559595	0.8992851634936029	0.9733640212052421	1.025892054364718	0.2509587626116361	0.25372418529932833	0.24973642597225187	0.2455806261167833	-1.698801581868251	1.3627228888617107	0.06939070019895037
153	-15296.012487633476	-15296.795011146052	-15296.012487633476	-0.782523512576702	-15296.012487633476	0.8949778709655956	0.9733640212052421	1.025892054364718	0.2509587626116361	0.25372418529932833	0.24973642597225187	0.2455806261167833	2.1415665281197667	2.591851735206989	0.03522632270995927
154	-15295.99259557861	-15296.595935733887	-15295.99259557861	-0.6033401552772399	-15295.99259557861	0.8922518282184237	0.9733640212052421	1.025892054364718	0.2509587626116361	0.25372418529932833	0.24973642597225187	0.2455806261167833	2.3207498854192288	2.868367268133859	0.02940165210688708
155	-15295.991815089887	-15298.198089577347	-15295.991815089887	-2.2062744874594244	-15295.991815089887	0.8914776215039385	0.9733640212052421	1.025892054364718	0.2509587626116361	0.25372418529932833	0.24973642597225187	0.2455806261167833	0.7178155532370445	1.8516746887748359	0.07230372365322105
156	-15295.990662482383	-15297.36583928509	-15295.990662482383	-1.375176802706865	-15295.990662482383	0.9010530569039618	0.9733640212052421	1.025892054364718	0.2509587626116361	0.25372418529932833	0.24973642597225187	0.2455806261167833	1.5489132379896038	3.2299296511277293	0.3007781761627167
157	-15295.989091043013	-15296.979910563818	-15295.989091043013	-0.9908195208046118	-15295.989091043013	0.8925600281102972	0.9733640212052421	1.025892054364718	0.2509587626116361	0.25372418529932833	0.24973642597225187	0.2455806261167833	1.933270519891857	2.6374088015895327	0.36395333003247077
158	-15295.975976411532	-15298.87333555464	-15295.975976411532	-2.89735914310734	-15295.975976411532	0.89941633231603	0.9733640212052421	1.025892054364718	0.2509587626116361	0.25372418529932833	0.25118258733816656	0.24413446475086859	0.026730897589128944	4.4991839076197095	0.19159427321107567
159	-15295.972304001507	-15298.468407386603	-15295.972304001507	-2.4961033850963714	-15295.972304001507	0.89941633231603	0.9733640212052421	1.025892054364718	0.2509587626116361	0.25372418529932833	0.25118258733816656	0.24413446475086859	0.4279866556000975	3.206696575297751	0.4682724298891002
160	-15295.969570383246	-15298.125883638104	-15295.969570383246	-2.1563132548577544	-15295.969570383246	0.8960462660908057	0.9733640212052421	1.025892054364718	0.2519299654018636	0.25372418529932833	0.25021138454793906	0.24413446475086859	0.7677767858387146	3.5202009788662973	0.35888881366040154
161	-15295.967393088144	-15296.830766232415	-15295.967393088144	-0.8633731442715733	-15295.967393088144	0.8960462660908057	0.9733640212052421	1.025892054364718	0.2519299654018636	0.25372418529932833	0.25021138454793906	0.24413446475086859	2.0607168964248954	2.3997722173975213	0.3107517037269685
162	-15295.967045479401	-15297.399960103947	-15295.967045479401	-1.4329146245457032	-15295.967045479401	0.8973288937604273	0.9733640212052421	1.025892054364718	0.2519299654018636	0.25372418529932833	0.2502861782224514	0.24405967107635626	1.4911754161507655	3.9855650208506437	0.08723451034881789
163	-15295.964767450023	-15296.9164843157	-15295.964767450023	-0.9517168656769239	-15295.964767450023	0.8962031728759935	0.9733640212052421	1.025892054364718	0.2519299654018636	0.25372418529932833	0.2502861782224514	0.24405967107635626	1.9723731750195448	2.4422852662448586	0.36480954435740054
164	-15295.963454008139	-15297.028473601673	-15295.963454008139	-1.0650195935345812	-15295.963454008139	0.8986504840521006	0.9733640212052421	1.025892054364718	0.2519299654018636	0.25372418529932833	0.2502861782224514	0.24405967107635626	1.8590704471618875	2.0831262226175404	0.3267115977485556
165	-15295.962481590803	-15297.715157060447	-15295.962481590803	-1.7526754696451092	-15295.962481590803	0.8986504840521006	0.9733640212052421	1.025892054364718	0.2519299654018636	0.25372418529932833	0.2502861782224514	0.24405967107635626	1.1714145710513595	1.82819228998906	0.2198684948816256
166	-15295.958012410918	-15297.169356266399	-15295.958012410918	-1.2113438554802662	-15295.958012410918	0.8972943856650651	0.9733640212052421	1.025892054364718	0.25171374322715995	0.25372418529932833	0.25050240039715505	0.24405967107635626	1.7127461852162025	1.8670314238244545	0.38901146191037683
167	-15295.95792364622	-15297.104159817238	-15295.95792364622	-1.1462361710187838	-15295.95792364622	0.8951211734022239	0.9733640212052421	1.025892054364718	0.25171374322715995	0.25372418529932833	0.25050240039715505	0.24405967107635626	1.7778538696776849	3.496317307623883	0.18592838086219304
168	-15295.955737456972	-15296.787623476503	-15295.955737456972	-0.8318860195303166	-15295.955737456972	0.8955083056514176	0.9733640212052421	1.025892054364718	0.25171374322715995	0.2539783198141787	0.2502482658823047	0.24405967107635626	2.092204021166152	3.0361580218310773	0.21377793294978895
169	-15295.95403864328	-15296.623878617313	-15295.95403864328	-0.6698399740319407	-15295.95403864328	0.8992243873019823	0.9733640212052421	1.025892054364718	0.25171374322715995	0.2539783198141787	0.2502482658823047	0.24405967107635626	2.254250066664528	2.797969216625841	0.0641910086860797
170	-15295.95287661035	-15299.048105024356	-15295.95287661035	-3.0952284140063844	-15295.95287661035	0.8972088514482587	0.9733640212052421	1.025892054364718	0.25171374322715995	0.25361939043573084	0.2502482658823047	0.2444186004548041	-0.17113837330991544	4.886452025317777	0.09520942136390818
171	-15295.95243557179	-15296.793800361138	-15295.95243557179	-0.8413647893491665	-15295.95243557179	0.8972088514482587	0.9757761220635259	1.025892054364718	0.25171374322715995	0.25361939043573084	0.2502482658823047	0.2444186004548041	2.0835754626130507	2.5896847982206848	0.008739405726888461
172	-15295.94912351125	-15297.14156075828	-15295.94912351125	-1.192437247031178	-15295.94912351125	0.8992783942475641	0.9757761220635259	1.0135475257602922	0.25171374322715995	0.25361939043573084	0.24991985666460598	0.24474700967250282	1.727993705706445	2.1531739032197263	0.1627422536908843
173	-15295.947156414702	-15297.0535140769	-15295.947156414702	-1.1063576621986895	-15295.947156414702	0.9004791809689477	0.9757761220635259	1.0135475257602922	0.2510625865250914	0.25361939043573084	0.24991985666460598	0.24539816637457135	1.8140732905389334	1.994707992188236	0.37448864575485086
174	-15295.945310673058	-15296.772627972605	-15295.945310673058	-0.827317299546426	-15295.945310673058	0.9004791809689477	0.9757761220635259	1.0135475257602922	0.2510625865250914	0.25361939043573084	0.24991985666460598	0.24539816637457135	2.093113653191197	2.7731631087924673	0.24780373057016566
