#
#model:
#
#<?xml version="1.0" encoding="UTF-8" standalone="no"?><input id="posterior" spec="beast.core.util.CompoundDistribution">
#    <distribution id="prior" spec="beast.core.util.CompoundDistribution">
#        <distribution id="YuleModel.t:alignment_twin_evidence" spec="beast.evolution.speciation.YuleModel">
#            <parameter id="birthRate.t:alignment_twin_evidence" name="birthDiffRate" spec="beast.core.parameter.RealParameter">1.0</parameter>
#            <tree id="Tree.t:alignment_twin_evidence" spec="beast.evolution.tree.Tree">
#                <taxonset id="TaxonSet.alignment_twin_evidence" spec="beast.evolution.alignment.TaxonSet">
#                </taxonset>
#            </tree>
#        </distribution>
#        <prior id="YuleBirthRatePrior.t:alignment_twin_evidence" name="distribution" x="@birthRate.t:alignment_twin_evidence">
#            <Uniform id="Uniform.100" name="distr" upper="Infinity"/>
#        </prior>
#        <prior id="kappa1Prior.s:alignment_twin_evidence" name="distribution">
#            <parameter id="kappa1.s:alignment_twin_evidence" lower="0.0" name="x" spec="beast.core.parameter.RealParameter">2.0</parameter>
#            <LogNormal id="LogNormalDistributionModel.0" name="distr">
#                <parameter estimate="false" id="RealParameter.0" name="M" spec="beast.core.parameter.RealParameter">1.0</parameter>
#                <parameter estimate="false" id="RealParameter.1" lower="0.0" name="S" spec="beast.core.parameter.RealParameter" upper="Infinity">1.25</parameter>
#            </LogNormal>
#        </prior>
#        <prior id="kappa2Prior.s:alignment_twin_evidence" name="distribution">
#            <parameter id="kappa2.s:alignment_twin_evidence" lower="0.0" name="x" spec="beast.core.parameter.RealParameter">2.0</parameter>
#            <LogNormal id="LogNormalDistributionModel.1" name="distr">
#                <parameter estimate="false" id="RealParameter.2" name="M" spec="beast.core.parameter.RealParameter">1.0</parameter>
#                <parameter estimate="false" id="RealParameter.3" lower="0.0" name="S" spec="beast.core.parameter.RealParameter" upper="Infinity">1.25</parameter>
#            </LogNormal>
#        </prior>
#    </distribution>
#    <distribution id="likelihood" spec="beast.core.util.CompoundDistribution" useThreads="true">
#        <distribution data="@alignment_twin_evidence" id="treeLikelihood.alignment_twin_evidence" spec="beast.evolution.likelihood.ThreadedTreeLikelihood" tree="@Tree.t:alignment_twin_evidence">
#            <siteModel id="SiteModel.s:alignment_twin_evidence" spec="beast.evolution.sitemodel.SiteModel">
#                <parameter estimate="false" id="mutationRate.s:alignment_twin_evidence" name="mutationRate" spec="beast.core.parameter.RealParameter">1.0</parameter>
#                <parameter estimate="false" id="gammaShape.s:alignment_twin_evidence" name="shape" spec="beast.core.parameter.RealParameter">1.0</parameter>
#                <parameter estimate="false" id="proportionInvariant.s:alignment_twin_evidence" lower="0.0" name="proportionInvariant" spec="beast.core.parameter.RealParameter" upper="1.0">0.0</parameter>
#                <substModel id="tn93.s:alignment_twin_evidence" kappa1="@kappa1.s:alignment_twin_evidence" kappa2="@kappa2.s:alignment_twin_evidence" spec="beast.evolution.substitutionmodel.TN93">
#                    <frequencies id="estimatedFreqs.s:alignment_twin_evidence" spec="beast.evolution.substitutionmodel.Frequencies">
#                        <parameter dimension="4" id="freqParameter.s:alignment_twin_evidence" lower="0.0" name="frequencies" spec="beast.core.parameter.RealParameter" upper="1.0">0.25</parameter>
#                    </frequencies>
#                </substModel>
#            </siteModel>
#            <branchRateModel id="StrictClock.c:alignment_twin_evidence" spec="beast.evolution.branchratemodel.StrictClockModel">
#                <parameter estimate="false" id="clockRate.c:alignment_twin_evidence" name="clock.rate" spec="beast.core.parameter.RealParameter">1.0</parameter>
#            </branchRateModel>
#        </distribution>
#    </distribution>
#</input>
#
Sample	NSlikelihood	posterior	likelihood	prior	treeLikelihood	TreeHeight	kappa1	kappa2	freqParameter.1	freqParameter.2	freqParameter.3	freqParameter.4	YuleModel	birthRate
0	-18431.571042042626	-18417.119879957554	-18431.571042042626	14.451162085069965	-18431.571042042626	0.023495784166721823	3.4931859497636712	2.9255380061624514	0.2710125886826573	0.2205732119984227	0.2556434882403802	0.2527707110785398	19.08147703899362	53.341353256431724
1	-14991.297135367877	-14982.466886739514	-14991.297135367877	8.83024862836241	-14991.297135367877	0.0710576115885618	1.1835552755583585	1.6453063738360616	0.2620675106947743	0.1935988881655752	0.26464049317197286	0.27969310796767766	12.082760481672985	11.649042418753815
2	-14731.76051933179	-14713.304729521129	-14731.76051933179	18.455789810661102	-14731.76051933179	0.011524369210868229	1.2404568500890094	2.2485716498008763	0.25411219801001556	0.1935988881655752	0.26048900513541556	0.2917999086889937	21.97419609641899	168.60641164751505
3	-13988.302566390012	-13976.570407021467	-13988.302566390012	11.732159368544275	-13988.302566390012	0.032473193450557325	4.232106298249138	2.609089656886157	0.2809058481709233	0.1573139371667038	0.27934201013918475	0.2824382045231882	16.481277203162435	54.988015355838975
4	-13284.880393911542	-13281.597822578813	-13284.880393911542	3.282571332729786	-13284.880393911542	0.14135163021767289	4.940740570520168	4.690381119362869	0.2736958747694206	0.17144716005745167	0.27421295147557173	0.2806440136975559	8.919239713585391	14.32527777653448
5	-12047.045664083858	-12041.669031949947	-12047.045664083858	5.37663213391134	-12047.045664083858	0.12676989908227654	2.5802339298736485	1.3564768413652686	0.26888285064359924	0.1606389929090529	0.28136172405707915	0.28911643239026863	9.069053009516585	15.393099382279964
6	-11907.044270900504	-11901.159731926959	-11907.044270900504	5.88453897354546	-11907.044270900504	0.0779634339621434	3.3401767240804707	3.0622365192379455	0.2577338087070291	0.15493616669410504	0.28492348469849516	0.3024065399003706	10.511997655160787	9.88253474874737
7	-11089.283506244217	-11090.743426511164	-11089.283506244217	-1.459920266946058	-11089.283506244217	0.18234152891021094	8.709025101531884	2.7072057843750894	0.26033532631752765	0.1610161937372911	0.2718620033311465	0.30678647661403463	4.418360959488172	3.977108836217059
8	-10525.517609949537	-10528.709694355679	-10525.517609949537	-3.1920844061427744	-10525.517609949537	0.3347995676266725	8.008778016313835	2.183081911615847	0.2422666801520671	0.1607323173962734	0.28719479826063193	0.3098062041910275	2.3423599656644214	4.289840819181474
9	-10079.604741945526	-10084.461789957646	-10079.604741945526	-4.857048012119758	-10079.604741945526	0.607459407528644	4.938529524075934	2.183081911615847	0.2422666801520671	0.15323858030415188	0.28938791420729176	0.31510682533648926	-0.06561758631823889	2.5253259587879335
10	-9982.324985605363	-9989.754339524941	-9982.324985605363	-7.4293539195781975	-9982.324985605363	0.9443226943642407	4.639429783417209	1.137100682093496	0.255414540865876	0.13835697404816566	0.29433150680766795	0.31189697827829044	-3.147610257275264	2.4510386410943696
11	-9510.530148599079	-9523.571825693207	-9510.530148599079	-13.04167709412764	-9510.530148599079	2.1144564920154516	4.947971502079862	0.23228176278580867	0.2458923502440906	0.1522077668244823	0.29278116240207586	0.3091187205293513	-8.567327945013199	0.7957033136509736
12	-9103.038113558221	-9106.435283754045	-9103.038113558221	-3.397170195823626	-9103.038113558221	0.48320402372153637	1.721416247965696	0.24064096044536734	0.24733736155547034	0.11892511445302505	0.30337663797144304	0.3303608860200616	-0.04657400393431255	2.3655368387571056
13	-8962.449459834299	-8966.602010418936	-8962.449459834299	-4.152550584636043	-8962.449459834299	0.5590765641513475	1.5740242948246588	1.3647388331184998	0.25786397062842265	0.11038261148673104	0.2813495851870975	0.35040383269774883	-0.8563362466721078	2.7609294181025668
14	-8456.354716972719	-8463.196246619957	-8456.354716972719	-6.841529647238287	-8456.354716972719	0.7707663692229638	0.990848288584792	3.495363811655632	0.2496725774140917	0.11285496361665684	0.28685709272848625	0.3506153662407652	-2.9689800932312953	3.1289759586804324
15	-8347.53163094514	-8354.66713834568	-8347.53163094514	-7.135507400540768	-8347.53163094514	0.745075200171195	2.8707329777442885	4.174450255999764	0.24220615128396314	0.11990286314236422	0.2705407503094472	0.3673502352642254	-2.3079519717673245	1.4120841962080066
16	-8061.111636134134	-8068.547500256926	-8061.111636134134	-7.435864122791568	-8061.111636134134	1.0947402282819987	3.433899913279291	0.901561478988731	0.24804869433494364	0.10528682558372743	0.2727154274570053	0.3739490526243236	-3.6143962176070303	1.2196528392717862
17	-8047.036472636981	-8053.51777064018	-8047.036472636981	-6.48129800319972	-8047.036472636981	0.8547049622580885	3.771954293630983	0.6569327511886817	0.23118164236674252	0.11717053300066599	0.29292530691469665	0.35872251771789476	-2.6099668640829643	1.2183950251874145
18	-8003.345621561705	-8009.506661595322	-8003.345621561705	-6.161040033616547	-8003.345621561705	0.9552208514921695	3.3268741638699657	1.0096249117881966	0.221380364649671	0.12643938076834588	0.30078157769471425	0.35139867688726883	-2.338303360827988	1.3464334397294118
19	-7991.850390191541	-8004.808016411178	-7991.850390191541	-12.957626219637387	-7991.850390191541	3.0762095058435204	4.129409450275689	1.894931387846326	0.21781914372239264	0.1295797727818669	0.30078157769471425	0.3518195058010262	-8.518536835331723	0.47624255846313474
20	-7928.44294259451	-7937.600106067807	-7928.44294259451	-9.15716347329736	-7928.44294259451	1.1062945068577055	2.888351677841986	1.0172619261482565	0.20584715695573963	0.1287113697720557	0.3163344162266301	0.34910705704557454	-5.48487982727516	2.4731078511124154
21	-7891.938269084661	-7896.799389135921	-7891.938269084661	-4.861120051259304	-7891.938269084661	0.4555734057691653	2.888351677841986	1.821754903937471	0.20383535605761843	0.1408824866577123	0.3375037589569108	0.3177783983277582	-0.8640399908280036	5.044121922711757
22	-7885.699842178943	-7893.546771652151	-7885.699842178943	-7.846929473207528	-7885.699842178943	1.0374857397049622	1.6894512254982974	0.669355412174939	0.2145461398377127	0.13564158366106097	0.32320514355793845	0.32660713294328764	-4.738929282010382	3.1357116075991884
23	-7849.667064361123	-7857.630517699943	-7849.667064361123	-7.963453338820255	-7849.667064361123	1.0455759086571186	2.614997309997535	1.0384601015514157	0.20167307063478065	0.13981765752343825	0.3265881816280938	0.3319210902136871	-4.383504152122398	2.49640058011541
24	-7822.229613556809	-7826.980167919425	-7822.229613556809	-4.750554362616166	-7822.229613556809	0.6777560165851522	1.8409583515915862	2.4579473909727563	0.19233369192224317	0.13676658299507324	0.31475951618378534	0.3561402088988981	-0.9049334934348165	2.1052540976289733
25	-7793.713075906433	-7803.161537827698	-7793.713075906433	-9.448461921265526	-7793.713075906433	1.7445453970972886	1.3500230402942586	2.3916346137733107	0.19224763007463194	0.14914144431029208	0.3183962927750926	0.34021463283998316	-5.8302087621243395	0.9509351468030985
26	-7793.395205242088	-7799.794024781171	-7793.395205242088	-6.398819539082684	-7793.395205242088	0.8332624002870512	0.8501587773066002	2.41155485999208	0.1736822003339646	0.1455900720704923	0.3458864660468833	0.3348412615486596	-2.9598035255389927	4.40955340160301
27	-7769.180405511122	-7777.820303647386	-7769.180405511122	-8.639898136263335	-7769.180405511122	0.9970067902119996	1.2436760286932382	1.788084177468883	0.17727357500757945	0.16422025907110915	0.32355389179849414	0.33495227412281703	-5.304725089239799	2.7528082329794636
28	-7665.805470575342	-7671.857466313004	-7665.805470575342	-6.051995737661956	-7665.805470575342	0.8620006386368498	1.5949813613330663	1.6263332804870565	0.17220795002165684	0.17242857442815168	0.32600731453471476	0.3293561610154765	-2.6392511462353605	1.1470779977901824
29	-7641.158844573082	-7646.945541024019	-7641.158844573082	-5.786696450936904	-7641.158844573082	0.9681513246707191	0.9438668837702975	0.4233093734061648	0.17383547794873222	0.1708010465010763	0.32600731453471476	0.3293561610154765	-2.955255789136121	1.4660179776434124
30	-7623.90309660428	-7630.932100675016	-7623.90309660428	-7.02900407073603	-7623.90309660428	0.9187757225971019	0.6258071626359808	0.6723245336688538	0.16679508975878962	0.1733135173270625	0.31691029511649493	0.34298109779765273	-4.2957617967127515	3.8273707125375664
31	-7623.703698664229	-7628.934317406352	-7623.703698664229	-5.2306187421233865	-7623.703698664229	0.8158441741352125	0.8936215585147521	0.7595893135933562	0.17824481770627987	0.18483432413005624	0.30961764042872447	0.3273032177349392	-2.4176926054543957	1.5809168082835063
32	-7597.954568739677	-7603.042733174455	-7597.954568739677	-5.088164434778258	-7597.954568739677	0.8757139469178085	0.7380819933296747	0.8439634255226244	0.18416899659062055	0.18252999698572497	0.3171582270159631	0.31614277940769114	-2.2956806095898425	2.1717155383170734
33	-7588.559526749417	-7595.153848825711	-7588.559526749417	-6.594322076293695	-7588.559526749417	1.186198861310006	0.6841294995201748	0.9495298725175573	0.1847367276192541	0.18434622652939048	0.3204768782761885	0.3104401675751667	-3.7784896137112924	0.9963797109591278
34	-7580.899264216333	-7585.929883552695	-7580.899264216333	-5.030619336362347	-7580.899264216333	0.7108398617952532	0.6841294995201748	1.023093916998232	0.19946987784714376	0.18506121415760945	0.306926741776107	0.3085421662191395	-2.1886152692636105	2.266377405764118
35	-7577.211925312139	-7581.351269565323	-7577.211925312139	-4.1393442531837366	-7577.211925312139	0.6675042268239519	0.811594293870826	0.6957440380046334	0.19555371391601	0.19022831450742075	0.3140030168270546	0.3002149547495144	-1.364871626007682	2.992240602402947
36	-7573.905549123192	-7581.200732671577	-7573.905549123192	-7.295183548384589	-7573.905549123192	1.6948964853679334	0.4922174250474619	0.45800817689934564	0.1932582682326603	0.20202035595318302	0.3211111987073363	0.2836101771068201	-4.551407845000797	1.4581942046671108
37	-7568.636738349668	-7574.353368635775	-7568.636738349668	-5.716630286107214	-7568.636738349668	0.8411023008137277	0.6836410646843016	1.0205748254172111	0.1931766807709445	0.2081017583263384	0.3147378257521337	0.28398373515058317	-2.875631227405398	2.67501855282817
38	-7560.5306933715565	-7565.141826838965	-7560.5306933715565	-4.611133467408369	-7560.5306933715565	0.6823137499455891	1.01616495567042	1.0205748254172111	0.1807914441521026	0.2090873332862386	0.3147378257521337	0.29538339680952486	-1.6736496664410456	1.4827486910453842
39	-7535.898571013343	-7543.6538106818025	-7535.898571013343	-7.7552396684591445	-7535.898571013343	0.9133005231896305	1.02816089377736	0.8539150216643029	0.18360548841434687	0.206998524634234	0.3095686891874083	0.2998272977640106	-4.8697026333973366	4.060011963026915
40	-7534.333222382148	-7538.95421223633	-7534.333222382148	-4.620989854182317	-7534.333222382148	0.7653291757605567	0.6157068813744838	1.1977418098887158	0.19047558906350867	0.206998524634234	0.3095686891874083	0.2929571971148488	-1.7207767254670634	2.3752370980038844
41	-7532.313248427201	-7537.733213143432	-7532.313248427201	-5.419964716231181	-7532.313248427201	0.8481948788494471	0.7245572092379629	0.9972519983606517	0.18141367018324667	0.22010946265351014	0.3060131271246337	0.29246374003860925	-2.5795598204470247	1.661863912937158
42	-7523.409300642315	-7529.963305763898	-7523.409300642315	-6.554005121582103	-7523.409300642315	1.2199714563368738	1.0081970453448708	1.104343112393935	0.18150367600244882	0.22010946265351014	0.3123179135404955	0.2860689478035453	-3.5879982465100246	1.7944199706722033
43	-7520.96368707546	-7526.070209309513	-7520.96368707546	-5.106522234052864	-7520.96368707546	0.9030392100473826	0.7771512901953712	1.1767405307127226	0.19137170647184332	0.23709888403396753	0.2795719037062109	0.2919575057879781	-2.185715417738873	1.8696997894376717
44	-7512.318100677355	-7518.891097437906	-7512.318100677355	-6.572996760551529	-7512.318100677355	1.3388763984718903	0.7990357808843365	0.57021803085555	0.18881937854882566	0.2277160145515254	0.2843384825051078	0.299126124394541	-3.814741772841067	1.4715239247161174
45	-7509.653297700523	-7514.18276397167	-7509.653297700523	-4.529466271148017	-7509.653297700523	0.8260579482874364	0.7990357808843365	1.064314974886767	0.21460812597417997	0.197498475623273	0.29953184538830635	0.2883615530142406	-1.6462789104300999	2.009577494486429
46	-7501.29636578734	-7506.365634866722	-7501.29636578734	-5.06926907938184	-7501.29636578734	0.9173957049030622	0.8945813324438253	1.2161258994281283	0.21148977623650336	0.20279863713798588	0.30342603124597933	0.28228555537953137	-2.0985444538777474	2.5434655008100457
47	-7500.473439471486	-7504.966519902289	-7500.473439471486	-4.49308043080322	-7500.473439471486	0.7232198875988483	1.3968740625897957	1.1399145916008666	0.22057438235468504	0.2127255026110421	0.2968112585206135	0.2698888565136593	-1.360211573039827	1.9134128387926113
48	-7489.423496679483	-7494.923931394993	-7489.423496679483	-5.500434715509843	-7489.423496679483	0.8660946096896905	1.6334548816277008	1.6270248711442048	0.23994736281449763	0.2166164289465522	0.2896579858850806	0.25377822235386943	-2.0715203971657137	1.7601489305356788
49	-7485.308873473966	-7491.909568488189	-7485.308873473966	-6.600695014222966	-7485.308873473966	1.2552773645980244	1.6993418553975952	1.1688138418576053	0.24765566185050866	0.22778082379998707	0.2803955411369461	0.244167973212558	-3.331731640016984	1.8026887910814586
50	-7445.120743295384	-7450.3513906847575	-7445.120743295384	-5.2306473893735355	-7445.120743295384	0.8158103358180487	1.165192361991741	0.8863535702254592	0.25394319546431093	0.21663331939708066	0.2792739179151826	0.2501495672234257	-2.2827373831838322	2.2229927440229402
51	-7440.268985661903	-7446.598038810132	-7440.268985661903	-6.329053148229261	-7440.268985661903	0.9121354746448563	1.165192361991741	1.085712799366923	0.2621474597244412	0.21437220542329982	0.27471498959701696	0.24876534525524185	-3.3106008664680315	2.8946524003011325
52	-7439.300632200684	-7446.270139493015	-7439.300632200684	-6.969507292331328	-7439.300632200684	1.02551099974701	0.8178385875301689	1.1922753679736393	0.2529760072284009	0.2307017863950606	0.26968640325439663	0.24663580312214173	-4.031587852861152	2.5428236324489584
53	-7438.635977529478	-7444.8652001670625	-7438.635977529478	-6.229222637584568	-7438.635977529478	0.9807385384368978	1.0614893591030843	1.1524538626872927	0.24703079564874558	0.22432536025891597	0.2725453156854259	0.2560985284069124	-3.2249122719038397	2.0477735129656573
54	-7434.037540263532	-7439.8921491748415	-7434.037540263532	-5.854608911309311	-7434.037540263532	1.0112461996959847	1.213128643507836	1.1524538626872927	0.25553772621336346	0.21581842969429813	0.26633199082313663	0.26231185326920164	-2.791422601994222	1.42147212716667
55	-7430.114793964783	-7436.401953714963	-7430.114793964783	-6.287159750180981	-7430.114793964783	0.9079022243216057	1.1430338779726108	1.1126751837735667	0.25629526348502946	0.21581842969429813	0.26633199082313663	0.26155431599753565	-3.2670656441473396	1.0116893030776077
56	-7428.765016867977	-7434.5539541299495	-7428.765016867977	-5.7889372619725155	-7428.765016867977	0.9948286628694278	1.0482108860159838	1.1460447941801217	0.2579743782095902	0.22777688853920758	0.24984700621506942	0.2644017270361327	-2.79209280279469	1.7676511420242296
57	-7428.1280531205775	-7434.59563595472	-7428.1280531205775	-6.467582834142695	-7428.1280531205775	1.0650904104525947	1.0691009476884616	0.6301961942351371	0.24441049704045187	0.24760478311890494	0.24636651530432044	0.2616182045363227	-3.615935623733559	1.1152326815268796
58	-7424.788515636008	-7431.037265845542	-7424.788515636008	-6.248750209533247	-7424.788515636008	0.915179071835275	0.8664359645407839	0.7140097099949662	0.2367126012029076	0.2648229683552358	0.2347477365125934	0.26371669392926317	-3.4545783930551397	3.19997323642281
59	-7424.125816525702	-7429.849016534224	-7424.125816525702	-5.72320000852117	-7424.125816525702	1.006965437663776	1.0785987783003013	0.8306027833769651	0.23495485302104543	0.26512276721096745	0.23249066321302458	0.2674317165549624	-2.8257590006377864	1.5943758080321928
60	-7423.330927383114	-7429.019151869683	-7423.330927383114	-5.688224486569114	-7423.330927383114	0.9593398067516749	1.0483098418166268	0.8306027833769651	0.2549993469013033	0.26072367251807155	0.22870973451876317	0.2555672460618619	-2.802157240120997	1.797534111914936
61	-7422.025948887204	-7430.090102478348	-7422.025948887204	-8.064153591143619	-7422.025948887204	0.911529696836567	1.2344201619803825	0.8306027833769651	0.24908346928941777	0.25857474935100844	0.23085865768582634	0.26148312367374743	-5.105773708684239	4.044297965322679
62	-7418.075440466016	-7423.614467009431	-7418.075440466016	-5.539026543415114	-7418.075440466016	0.8920588162190529	1.0153986787830014	0.8331110403812865	0.25149221150428996	0.2617130412437452	0.24004397938993055	0.2467507678620342	-2.6643498550548053	1.9490324142543238
63	-7416.837828990091	-7422.351496255967	-7416.837828990091	-5.5136672658753305	-7416.837828990091	0.9525217432734746	1.0153986787830014	0.9917404916086828	0.25044861625214077	0.260656944672711	0.25131888997061075	0.23757554910453746	-2.5868908534190656	1.8809789047759347
64	-7416.787852949895	-7424.245745722645	-7416.787852949895	-7.457892772749698	-7416.787852949895	1.0657069044200977	1.0867419540758323	0.8331536182133564	0.25488442316598886	0.260656944672711	0.24065147290332156	0.24380715925797855	-4.556619077324294	0.7371024076819243
65	-7416.615115608401	-7422.108124191763	-7416.615115608401	-5.493008583362201	-7416.615115608401	0.965832204777968	0.8680868750075106	0.8331536182133564	0.2500036162354003	0.25704997798167356	0.25386384116976857	0.23908256461315763	-2.6684185106199863	1.711812135466362
66	-7415.694036676981	-7422.658467749242	-7415.694036676981	-6.964431072260367	-7415.694036676981	0.9415415557409748	1.0338761005546646	0.8881105962244739	0.24602043885149943	0.25704997798167356	0.2578470185536694	0.23908256461315763	-4.066130013115029	3.3846361609051443
67	-7415.216985427217	-7420.707923857139	-7415.216985427217	-5.4909384299212975	-7415.216985427217	0.9118315683400199	1.0338761005546646	0.8968237285824545	0.252733675158646	0.2608642539186646	0.24731950630953187	0.23908256461315763	-2.589833594467625	1.6564429623075196
68	-7414.179098429409	-7420.813556270149	-7414.179098429409	-6.634457840740132	-7414.179098429409	0.9773491700644892	1.0834100615333946	0.8696195324715099	0.255243840389437	0.2608642539186646	0.24480934107874086	0.23908256461315763	-3.7234456945786794	2.83371030075637
69	-7413.95201374299	-7419.583654275321	-7413.95201374299	-5.631640532331115	-7413.95201374299	0.9136446834706742	1.0834100615333946	0.8696195324715099	0.259187855581142	0.2608642539186646	0.24086532588703585	0.23908256461315763	-2.720628386169662	2.3519847602130675
70	-7413.850696625093	-7419.472782866505	-7413.850696625093	-5.622086241411879	-7413.850696625093	0.952805837351219	1.0330074697155522	0.8696195324715099	0.25890682616018845	0.25459210958699546	0.2510328751747313	0.2354681890780849	-2.729940523600248	1.5906787918242693
71	-7412.961777054357	-7418.6801133497775	-7412.961777054357	-5.718336295420113	-7412.961777054357	1.0137085770546208	1.0330074697155522	0.9020051400316298	0.25362513815627996	0.25149778358540453	0.2510328751747313	0.2438442030835843	-2.815868699320389	1.695363050869962
72	-7412.810593820086	-7418.1140029539965	-7412.810593820086	-5.303409133910189	-7412.810593820086	0.9024944004522943	1.0330074697155522	0.9020051400316298	0.2512004643949067	0.25149778358540453	0.2510328751747313	0.2462688768449576	-2.400941537810465	1.7289447582432433
73	-7412.028532420826	-7419.117036624423	-7412.028532420826	-7.088504203596862	-7412.028532420826	0.9703064550301921	1.0330074697155522	0.9020051400316298	0.25048464908942775	0.25055581484618694	0.24886585462926225	0.2500936814351231	-4.1860366074971385	3.3007350065451297
74	-7411.94732947741	-7417.407612181902	-7411.94732947741	-5.460282704491529	-7411.94732947741	0.9422050114451311	1.034706506366014	0.888942698433025	0.25048464908942775	0.2508498765546278	0.24886585462926225	0.24979961972668221	-2.5614089855543725	1.6531331678640437
75	-7411.881440985157	-7417.924233541122	-7411.881440985157	-6.042792555965583	-7411.881440985157	0.9602671531427529	1.0890931655299303	0.888942698433025	0.2500256540821903	0.251777143437863	0.24932484963649973	0.248872352843447	-3.1235185710718185	2.5824356873309267
76	-7411.848823480609	-7418.445081934882	-7411.848823480609	-6.596258454273244	-7411.848823480609	0.9705749796356873	1.0890931655299303	0.888942698433025	0.2500256540821903	0.25168597495992917	0.2511353946617513	0.24715297629612937	-3.6769844693794798	2.9495246001374062
77	-7411.768720552596	-7417.376751676471	-7411.768720552596	-5.608031123874521	-7411.768720552596	0.9511445608805241	1.0825134731741735	0.888942698433025	0.2500256540821903	0.25168597495992917	0.2511353946617513	0.24715297629612937	-2.691257894296978	1.4712887374076395
78	-7411.724623475879	-7417.525012910595	-7411.724623475879	-5.800389434716433	-7411.724623475879	0.9494574812003322	1.0825134731741735	0.888942698433025	0.25158165171792	0.25168597495992917	0.24957939702602153	0.24715297629612937	-2.8836162051388903	2.3251907668833054
79	-7411.70969078388	-7418.096683015667	-7411.70969078388	-6.386992231786207	-7411.70969078388	0.9593783540595496	1.0825134731741735	0.8746994633468802	0.25158165171792	0.2536139961111885	0.24765137587476216	0.24715297629612937	-3.474733423178381	2.8270122512890654
80	-7411.707952302881	-7417.230598431703	-7411.707952302881	-5.522646128821917	-7411.707952302881	0.9411917791172756	1.0825134731741735	0.8746994633468802	0.2513043991088481	0.2538912487202604	0.24765137587476216	0.24715297629612937	-2.6103873202140906	2.0049402493840316
81	-7411.690820374854	-7418.899184848856	-7411.690820374854	-7.2083644740016855	-7411.690820374854	0.9562464580531066	1.0825134731741735	0.8746994633468802	0.25294186135829416	0.2538912487202604	0.24765137587476216	0.2455155140466833	-4.29610566539386	3.405631255392394
82	-7411.68906963433	-7417.4774316014355	-7411.68906963433	-5.788361967105638	-7411.68906963433	0.9432153665992096	1.0409743121797075	0.8746994633468802	0.25294186135829416	0.2538912487202604	0.24765137587476216	0.2455155140466833	-2.8916849809343024	1.25858993030919
83	-7411.652227834141	-7417.710972370303	-7411.652227834141	-6.05874453616215	-7411.652227834141	0.9569182696328581	1.0409743121797075	0.8847301861292514	0.25324599748771204	0.2538912487202604	0.24765137587476216	0.2452113779172654	-3.158898047579986	2.5762702278202756
84	-7411.626395141247	-7417.209135731416	-7411.626395141247	-5.582740590169022	-7411.626395141247	0.9484840612028308	1.0409743121797075	0.8847301861292514	0.25324599748771204	0.2538912487202604	0.24765137587476216	0.2452113779172654	-2.682894101586859	2.0659231515612055
85	-7411.623533539237	-7417.186114423767	-7411.623533539237	-5.562580884530735	-7411.623533539237	0.9466703789594841	1.0409743121797075	0.8847301861292514	0.25431480750111146	0.252822438706861	0.24765137587476216	0.2452113779172654	-2.6627343959485716	2.034705751438291
86	-7411.609947266705	-7417.328248848878	-7411.609947266705	-5.718301582172806	-7411.609947266705	0.9458808032203521	1.0409743121797075	0.8847301861292514	0.25431480750111146	0.252822438706861	0.24765137587476216	0.2452113779172654	-2.818455093590642	1.3278838376612123
87	-7411.608921423167	-7417.877382814963	-7411.608921423167	-6.268461391796761	-7411.608921423167	0.9578730673428751	1.0409743121797075	0.8847301861292514	0.25431480750111146	0.252822438706861	0.24765137587476216	0.2452113779172654	-3.368614903214596	2.777735315898516
88	-7411.606838650352	-7418.191247230861	-7411.606838650352	-6.5844085805095744	-7411.606838650352	0.9579795325498633	1.0409743121797075	0.8954589428852021	0.2540964009935541	0.252822438706861	0.2471395145949661	0.24594164570461882	-3.681121079963864	3.0170634384215793
89	-7411.60318996486	-7417.701699589273	-7411.60318996486	-6.098509624412967	-7411.60318996486	0.9562940674835392	1.0409743121797075	0.8954589428852021	0.2540964009935541	0.252822438706861	0.2471395145949661	0.24594164570461882	-3.1952221238672562	1.0979321769769619
90	-7411.598673814147	-7417.725212766093	-7411.598673814147	-6.126538951946134	-7411.598673814147	0.957863070538313	1.0535016955853092	0.8954589428852021	0.2531475424832745	0.2537712972171406	0.2471395145949661	0.24594164570461882	-3.21859173555843	1.0867620813395291
91	-7411.571141884554	-7417.105774941609	-7411.571141884554	-5.534633057054228	-7411.571141884554	0.95312529225542	1.0535016955853092	0.8954589428852021	0.2531475424832745	0.25295881378397744	0.2471395145949661	0.24675412913778194	-2.626685840666524	1.7161743942080459
92	-7411.563470158299	-7417.186984331551	-7411.563470158299	-5.623514173251189	-7411.563470158299	0.9428317897668159	1.0535016955853092	0.8954589428852021	0.2531475424832745	0.25295881378397744	0.2471395145949661	0.24675412913778194	-2.715566956863484	1.4125987264603816
93	-7411.562896511787	-7417.063599869205	-7411.562896511787	-5.500703357418802	-7411.562896511787	0.9407226601929857	1.0535016955853092	0.8954589428852021	0.2531475424832745	0.25295881378397744	0.2471395145949661	0.24675412913778194	-2.592756141031097	1.9393523801650918
94	-7411.557681987007	-7417.762399934512	-7411.557681987007	-6.2047179475054595	-7411.557681987007	0.9517919415119998	1.0535016955853092	0.8954589428852021	0.25306851929316737	0.25303783697408455	0.2471395145949661	0.24675412913778194	-3.296770731117755	2.7347918469196673
95	-7411.55745639163	-7417.172950290072	-7411.55745639163	-5.615493898441958	-7411.55745639163	0.9494079457213679	1.0535016955853092	0.8954589428852021	0.25306851929316737	0.25303783697408455	0.2471395145949661	0.24675412913778194	-2.7075466820542533	2.1222743081399695
96	-7411.555964636062	-7417.143975592074	-7411.555964636062	-5.588010956012292	-7411.555964636062	0.950811588917959	1.0554947745150485	0.8954589428852021	0.25306851929316737	0.25303783697408455	0.2471395145949661	0.24675412913778194	-2.679319123595515	1.5000457675078143
97	-7411.552915167186	-7417.483666163878	-7411.552915167186	-5.930750996692188	-7411.552915167186	0.9467344912971277	1.0554947745150485	0.9022986426827648	0.25306851929316737	0.25303783697408455	0.2471395145949661	0.24675412913778194	-3.0198390571509184	1.181265258923264
98	-7411.548617266986	-7417.88078411005	-7411.548617266986	-6.332166843063096	-7411.548617266986	0.9481751553927581	1.0554947745150485	0.9022986426827648	0.25306851929316737	0.250882163789667	0.24929518777938367	0.24675412913778194	-3.421254903521826	0.992653202528284
99	-7411.548364566566	-7417.389301753913	-7411.548364566566	-5.8409371873470946	-7411.548364566566	0.9481423308227491	1.0554947745150485	0.9022986426827648	0.25306851929316737	0.250882163789667	0.24929518777938367	0.24675412913778194	-2.930025247805826	2.4172083965513527
100	-7411.547126485815	-7417.415595925489	-7411.547126485815	-5.868469439673721	-7411.547126485815	0.9484152289206242	1.0554947745150485	0.9022986426827648	0.25306851929316737	0.250882163789667	0.24929518777938367	0.24675412913778194	-2.9575575001324514	2.442360276723227
101	-7411.546525414545	-7417.111543070626	-7411.546525414545	-5.565017656080734	-7411.546525414545	0.9431184098857929	1.0529641381714387	0.9022986426827648	0.25306851929316737	0.250882163789667	0.24929518777938367	0.24675412913778194	-2.655051013651646	2.0550015736942058
102	-7411.54599042744	-7417.346106297836	-7411.54599042744	-5.800115870395883	-7411.54599042744	0.9491010390021395	1.0529641381714387	0.9022986426827648	0.25306851929316737	0.250882163789667	0.24929518777938367	0.24675412913778194	-2.890149227966795	1.2687840091877307
103	-7411.545136938085	-7417.849936103376	-7411.545136938085	-6.30479916529076	-7411.545136938085	0.9463832956543355	1.0529641381714387	0.9022986426827648	0.25306851929316737	0.250882163789667	0.24929518777938367	0.24675412913778194	-3.394832522861671	2.8439042358316504
104	-7411.54498882096	-7419.347564571748	-7411.54498882096	-7.802575750788199	-7411.54498882096	0.9491242479386806	1.0529641381714387	0.9022986426827648	0.25306851929316737	0.250882163789667	0.24929518777938367	0.24675412913778194	-4.89260910835911	0.6338649081755624
105	-7411.544609094403	-7417.283857306493	-7411.544609094403	-5.739248212089219	-7411.544609094403	0.9449803904432341	1.0529641381714387	0.9022986426827648	0.2520883465596467	0.2518623365231877	0.24929518777938367	0.24675412913778194	-2.8292815696601297	1.3089097196381652
106	-7411.543189875232	-7417.13939770842	-7411.543189875232	-5.59620783318775	-7411.543189875232	0.9454248567324905	1.0529641381714387	0.9036702701692322	0.2520883465596467	0.2518623365231877	0.24929518777938367	0.24675412913778194	-2.685793561748038	2.1127106679809438
107	-7411.542600980958	-7417.409375280167	-7411.542600980958	-5.8667742992092276	-7411.542600980958	0.9473543085882942	1.0529641381714387	0.9036702701692322	0.2539709354478042	0.2516655920880859	0.24929518777938367	0.2450682846847262	-2.9563600277695166	1.2212251356429478
108	-7411.541707141202	-7417.087516136169	-7411.541707141202	-5.545808994966688	-7411.541707141202	0.9475790544400824	1.0529641381714387	0.9036702701692322	0.2539709354478042	0.2516655920880859	0.24929518777938367	0.2450682846847262	-2.635394723526976	1.961354399760552
109	-7411.541095589591	-7417.570098735849	-7411.541095589591	-6.029003146257105	-7411.541095589591	0.9475790544400824	1.0529641381714387	0.9036702701692322	0.2539709354478042	0.2516655920880859	0.24929518777938367	0.2450682846847262	-3.1185888748173944	1.1268045973678813
110	-7411.539681655444	-7417.684782119543	-7411.539681655444	-6.145100464099249	-7411.539681655444	0.9436759809051056	1.0529641381714387	0.9036702701692322	0.2527872066283459	0.2516655920880859	0.24929518777938367	0.24625201350418446	-3.234686192659537	2.731203172786616
111	-7411.5360429041975	-7418.05604237371	-7411.5360429041975	-6.519999469512065	-7411.5360429041975	0.948783612377108	1.0529641381714387	0.9036702701692322	0.2527872066283459	0.2516655920880859	0.24929518777938367	0.24625201350418446	-3.609585198072354	2.9930195574216567
112	-7411.536023663218	-7417.211270362049	-7411.536023663218	-5.675246698831009	-7411.536023663218	0.9469069158022548	1.0529641381714387	0.9036702701692322	0.2527872066283459	0.2516655920880859	0.24929518777938367	0.24625201350418446	-2.7648324273912976	1.382295186968242
113	-7411.533811370121	-7417.421234427173	-7411.533811370121	-5.887423057052244	-7411.533811370121	0.9469069158022548	1.0529641381714387	0.9036702701692322	0.2527872066283459	0.2516655920880859	0.24891232709167332	0.2466348741918948	-2.9770087856125325	1.2055177342963403
114	-7411.532069185688	-7417.2398643155275	-7411.532069185688	-5.707795129840006	-7411.532069185688	0.9472268031369004	1.0529641381714387	0.9036702701692322	0.2527872066283459	0.2516655920880859	0.24891232709167332	0.2466348741918948	-2.7973808584002953	2.2641939448651573
115	-7411.531750476686	-7417.086697619286	-7411.531750476686	-5.554947142599289	-7411.531750476686	0.9463868327666791	1.0529641381714387	0.9036702701692322	0.2527872066283459	0.2516655920880859	0.24891232709167332	0.2466348741918948	-2.6445328711595772	2.0102817282103596
116	-7411.531448671114	-7418.06023102349	-7411.531448671114	-6.528782352376156	-7411.531448671114	0.9463868327666791	1.0529641381714387	0.9036702701692322	0.2527872066283459	0.2516655920880859	0.24891232709167332	0.2466348741918948	-3.6183680809364454	0.9227234881821004
117	-7411.530978312041	-7417.0389469851225	-7411.530978312041	-5.507968673081373	-7411.530978312041	0.9468984084399291	1.0529641381714387	0.9036702701692322	0.2527872066283459	0.2516655920880859	0.24891232709167332	0.2466348741918948	-2.5975544016416614	1.691072851499019
118	-7411.530895947547	-7417.034894812866	-7411.530895947547	-5.503998865319208	-7411.530895947547	0.9468984084399291	1.0529641381714387	0.9036702701692322	0.2527872066283459	0.2516655920880859	0.24891232709167332	0.2466348741918948	-2.5935845938794957	1.7589110015014242
119	-7411.530776580165	-7417.04943431405	-7411.530776580165	-5.5186577338843925	-7411.530776580165	0.9468984084399291	1.0529641381714387	0.9036702701692322	0.2527872066283459	0.2516655920880859	0.24891232709167332	0.2466348741918948	-2.6082434624446815	1.8914504425991117
120	-7411.530776580165	-7417.04943431405	-7411.530776580165	-5.5186577338843925	-7411.530776580165	0.9468984084399291	1.0529641381714387	0.9036702701692322	0.2527872066283459	0.2516655920880859	0.24891232709167332	0.2466348741918948	-2.6082434624446815	1.8914504425991117
121	-7411.530776580165	-7417.04943431405	-7411.530776580165	-5.5186577338843925	-7411.530776580165	0.9468984084399291	1.0529641381714387	0.9036702701692322	0.2527872066283459	0.2516655920880859	0.24891232709167332	0.2466348741918948	-2.6082434624446815	1.8914504425991117
122	-7411.530504546476	-7419.3380561942895	-7411.530504546476	-7.807551647813993	-7411.530504546476	0.9446922936020047	1.0529641381714387	0.9036702701692322	0.2533640516601942	0.2516655920880859	0.24833548205982503	0.2466348741918948	-4.897137376374282	3.7998158492670044
123	-7411.530504546476	-7419.3380561942895	-7411.530504546476	-7.807551647813993	-7411.530504546476	0.9446922936020047	1.0529641381714387	0.9036702701692322	0.2533640516601942	0.2516655920880859	0.24833548205982503	0.2466348741918948	-4.897137376374282	3.7998158492670044
124	-7411.529786275841	-7417.260636827397	-7411.529786275841	-5.730850551556442	-7411.529786275841	0.9458884287484595	1.0529641381714387	0.9036702701692322	0.2533640516601942	0.2516655920880859	0.24833548205982503	0.2466348741918948	-2.8204362801167306	1.3220396165333537
