#
#model:
#
#<?xml version="1.0" encoding="UTF-8" standalone="no"?><input id="posterior" spec="beast.core.util.CompoundDistribution">
#    <distribution id="prior" spec="beast.core.util.CompoundDistribution">
#        <distribution id="YuleModel.t:alignment_twin_evidence" spec="beast.evolution.speciation.YuleModel">
#            <parameter id="birthRate.t:alignment_twin_evidence" name="birthDiffRate" spec="beast.core.parameter.RealParameter">1.0</parameter>
#            <tree id="Tree.t:alignment_twin_evidence" spec="beast.evolution.tree.Tree">
#                <taxonset id="TaxonSet.alignment_twin_evidence" spec="beast.evolution.alignment.TaxonSet">
#                </taxonset>
#            </tree>
#        </distribution>
#        <prior id="YuleBirthRatePrior.t:alignment_twin_evidence" name="distribution" x="@birthRate.t:alignment_twin_evidence">
#            <Uniform id="Uniform.100" name="distr" upper="Infinity"/>
#        </prior>
#        <prior id="kappa1Prior.s:alignment_twin_evidence" name="distribution">
#            <parameter id="kappa1.s:alignment_twin_evidence" lower="0.0" name="x" spec="beast.core.parameter.RealParameter">2.0</parameter>
#            <LogNormal id="LogNormalDistributionModel.0" name="distr">
#                <parameter estimate="false" id="RealParameter.0" name="M" spec="beast.core.parameter.RealParameter">1.0</parameter>
#                <parameter estimate="false" id="RealParameter.1" lower="0.0" name="S" spec="beast.core.parameter.RealParameter" upper="Infinity">1.25</parameter>
#            </LogNormal>
#        </prior>
#        <prior id="kappa2Prior.s:alignment_twin_evidence" name="distribution">
#            <parameter id="kappa2.s:alignment_twin_evidence" lower="0.0" name="x" spec="beast.core.parameter.RealParameter">2.0</parameter>
#            <LogNormal id="LogNormalDistributionModel.1" name="distr">
#                <parameter estimate="false" id="RealParameter.2" name="M" spec="beast.core.parameter.RealParameter">1.0</parameter>
#                <parameter estimate="false" id="RealParameter.3" lower="0.0" name="S" spec="beast.core.parameter.RealParameter" upper="Infinity">1.25</parameter>
#            </LogNormal>
#        </prior>
#    </distribution>
#    <distribution id="likelihood" spec="beast.core.util.CompoundDistribution" useThreads="true">
#        <distribution data="@alignment_twin_evidence" id="treeLikelihood.alignment_twin_evidence" spec="beast.evolution.likelihood.ThreadedTreeLikelihood" tree="@Tree.t:alignment_twin_evidence">
#            <siteModel id="SiteModel.s:alignment_twin_evidence" spec="beast.evolution.sitemodel.SiteModel">
#                <parameter estimate="false" id="mutationRate.s:alignment_twin_evidence" name="mutationRate" spec="beast.core.parameter.RealParameter">1.0</parameter>
#                <parameter estimate="false" id="gammaShape.s:alignment_twin_evidence" name="shape" spec="beast.core.parameter.RealParameter">1.0</parameter>
#                <parameter estimate="false" id="proportionInvariant.s:alignment_twin_evidence" lower="0.0" name="proportionInvariant" spec="beast.core.parameter.RealParameter" upper="1.0">0.0</parameter>
#                <substModel id="tn93.s:alignment_twin_evidence" kappa1="@kappa1.s:alignment_twin_evidence" kappa2="@kappa2.s:alignment_twin_evidence" spec="beast.evolution.substitutionmodel.TN93">
#                    <frequencies id="estimatedFreqs.s:alignment_twin_evidence" spec="beast.evolution.substitutionmodel.Frequencies">
#                        <parameter dimension="4" id="freqParameter.s:alignment_twin_evidence" lower="0.0" name="frequencies" spec="beast.core.parameter.RealParameter" upper="1.0">0.25</parameter>
#                    </frequencies>
#                </substModel>
#            </siteModel>
#            <branchRateModel id="StrictClock.c:alignment_twin_evidence" spec="beast.evolution.branchratemodel.StrictClockModel">
#                <parameter estimate="false" id="clockRate.c:alignment_twin_evidence" name="clock.rate" spec="beast.core.parameter.RealParameter">1.0</parameter>
#            </branchRateModel>
#        </distribution>
#    </distribution>
#</input>
#
Sample	NSlikelihood	posterior	likelihood	prior	treeLikelihood	TreeHeight	kappa1	kappa2	freqParameter.1	freqParameter.2	freqParameter.3	freqParameter.4	YuleModel	birthRate
0	-9563.337840778931	-9563.16680965987	-9563.337840778931	0.17103111906150126	-9563.337840778931	0.19654448891309906	0.8679635566671403	2.0	0.24353728442932873	0.2639745384690673	0.24236581106604851	0.2501223660355554	3.453911921563486	6.362492718649043
1	-8384.73364183981	-8384.918251827969	-8384.73364183981	-0.1846099881588812	-8384.73364183981	0.1924027746254217	0.6900195545781345	1.2435215045082912	0.2437215145482103	0.2639745384690673	0.2514857817398443	0.240818165242878	2.7436963148032323	12.903215193032963
2	-8046.142930043516	-8041.175795402041	-8046.142930043516	4.967134641474483	-8046.142930043516	0.0621327032178264	0.4251286514710995	0.5374427041840336	0.2437215145482103	0.2639745384690673	0.24578262805696358	0.24652131892575874	7.717337507472216	18.3333834121212
3	-7765.314629851475	-7763.6993313162	-7765.314629851475	1.6152985352746845	-7765.314629851475	0.1000328442036127	2.1055571466658787	0.9028981126401403	0.24973900147489225	0.2628711124365289	0.23332939763181249	0.2540604884567663	4.951485782823239	20.151499777881895
4	-7414.899403391088	-7415.570651629328	-7414.899403391088	-0.671248238240032	-7414.899403391088	0.1932074233911098	1.9851142722713295	1.765028394204195	0.2466555925692231	0.2857856745067094	0.2102407614933288	0.25731797143073853	2.9580485350180137	6.883407665814524
5	-6784.219772341051	-6794.020293173311	-6784.219772341051	-9.800520832259869	-6784.219772341051	2.7867968981240354	2.2272871003756216	1.0376674079453452	0.26500140577935843	0.2996488855855422	0.19374962451307368	0.2416000841220255	-6.36912394867674	0.7540982837032327
6	-6416.230516645521	-6424.2567120314525	-6416.230516645521	-8.026195385931402	-6416.230516645521	1.0233722543628962	1.820448089400325	2.213758048363314	0.26118610734690734	0.29559228351544836	0.1901285050163643	0.25309310412127983	-4.28333339296689	0.7366444732172742
7	-6270.635030059197	-6276.014093158815	-6270.635030059197	-5.379063099618297	-6270.635030059197	0.41127045138015184	1.7453492753592814	1.211390345147141	0.2607600353368281	0.3019844836600796	0.18159146409475205	0.2556640169083401	-2.0743268822207224	5.588191070893995
8	-6078.014268897916	-6088.601410046192	-6078.014268897916	-10.587141148275848	-6078.014268897916	3.289936578090285	1.5654466991270657	1.000494114924991	0.2678519189462437	0.29713003948406186	0.17419889596701787	0.26081914560267644	-7.437183046798873	0.9588145005986062
9	-6000.175072721213	-6003.927789466443	-6000.175072721213	-3.7527167452295274	-6000.175072721213	0.4232366085294651	1.033618606167329	1.59332256072529	0.2663100033346763	0.29739736036457765	0.16742254436156218	0.26887009193918376	-0.5791665638429726	1.860062233052555
10	-5962.239732691119	-5969.7830924074415	-5962.239732691119	-7.543359716323167	-5962.239732691119	1.7582523934903227	1.18775445445345	1.162228962946739	0.27637537114418054	0.301837607062568	0.16294332872982858	0.2588436930634227	-4.4864234089079	0.8024582973152298
11	-5927.4767689254995	-5934.809554051733	-5927.4767689254995	-7.33278512623423	-5927.4767689254995	0.9882502796128005	2.086062872327084	1.4155632684367787	0.2738678136605047	0.29200662477403383	0.17928873788323488	0.2548368236822264	-3.8071596403445485	1.9578151747682553
12	-5903.858867007755	-5908.71127364408	-5903.858867007755	-4.852406636325444	-5903.858867007755	0.5817054202193794	3.166390262276634	1.2604538877359808	0.27633587806177645	0.28772530925128387	0.18391471201958665	0.2520241006673528	-0.9877240102509136	1.647989891292204
13	-5893.4587542175095	-5900.335381281974	-5893.4587542175095	-6.876627064464591	-5893.4587542175095	0.9283957992176296	3.509529996293218	1.689219091758499	0.2773648594586707	0.2698056209062716	0.17962224343105715	0.27320727620400037	-2.719404464795641	2.902860124377885
14	-5752.676155767239	-5758.378517964614	-5752.676155767239	-5.702362197375082	-5752.676155767239	0.815556155618352	1.6082668453353124	0.9869268303895568	0.26994271109134743	0.2698056209062716	0.19041676172480376	0.26983490627757695	-2.539575663430701	2.622265456788147
15	-5733.344229572752	-5738.361191637387	-5733.344229572752	-5.016962064634329	-5733.344229572752	0.7869943538316595	1.1563046078626722	1.0913270506470516	0.26852097343413434	0.2688327609890995	0.1866578138101856	0.2759884517665803	-1.9998599923489304	1.2672867799204341
16	-5718.7603004787625	-5724.497534288335	-5718.7603004787625	-5.737233809572974	-5718.7603004787625	1.0438985624116746	1.4181835426783518	0.810071279211978	0.27546486157959216	0.2674548942826892	0.18673874201578256	0.2703415021219358	-2.7098641162503414	1.660374618526114
17	-5717.767921655188	-5723.613014899533	-5717.767921655188	-5.845093244344579	-5717.767921655188	0.8952443037382892	1.4045637754007751	1.1046431283144356	0.2826402290122025	0.25156035358198	0.18673874201578256	0.2790606753900347	-2.7226973289578433	2.6274148677493536
18	-5704.89889202929	-5711.82157806688	-5704.89889202929	-6.922686037588909	-5704.89889202929	0.9237618696357078	0.9628613929652762	1.109948584268697	0.2878356491235376	0.2334025658233682	0.19803691146103508	0.2807248735920588	-3.970653061766681	3.236433123275668
19	-5704.816054793396	-5710.141298709079	-5704.816054793396	-5.325243915683046	-5704.816054793396	0.8528129719729511	1.408667945082377	0.7382585511933154	0.2822296361458739	0.2244621696541478	0.21146657861296453	0.2818416155870134	-2.319935667461296	2.4324695202512654
20	-5694.48295345806	-5700.513002146754	-5694.48295345806	-6.030048688693809	-5694.48295345806	1.131095037008189	1.3341202146329942	0.9186746837612396	0.27973534818969825	0.23377157744386978	0.21146657861296453	0.2750264957534671	-3.0037482911945124	1.5769279117880906
21	-5689.9731534984285	-5695.522938628951	-5689.9731534984285	-5.549785130522679	-5689.9731534984285	0.884947709912113	0.7405146428640881	0.6190643338705475	0.28155074927557855	0.2279379253626997	0.21433566870728815	0.2761756566544333	-2.803937733161692	2.6497033135194132
22	-5687.09250551135	-5693.670014603787	-5687.09250551135	-6.577509092436961	-5687.09250551135	1.005928079468414	0.8299830818845183	0.8959264964098036	0.26645948556191645	0.23437622280557197	0.21732993477711232	0.2818343568553989	-3.745016631151448	3.0150110834466837
23	-5687.030229917384	-5692.189035172015	-5687.030229917384	-5.158805254631173	-5687.030229917384	0.8590117737863997	1.1625028778511846	1.1445312154460379	0.26415243123536963	0.2194869499379207	0.22286645660494336	0.293494162221766	-2.1187487993648277	1.279931578598422
24	-5686.38003095473	-5691.396227712696	-5686.38003095473	-5.016196757966185	-5686.38003095473	0.8747642637121105	1.1625028778511846	0.648439275323456	0.2549033145766197	0.23637216749814227	0.2220137674897612	0.2867107504354765	-2.1264691312865462	1.7816587327459703
25	-5684.039338701853	-5689.525966379492	-5684.039338701853	-5.486627677639569	-5684.039338701853	0.9472355567005561	0.9028399274882428	0.5772226002277997	0.25443022866997006	0.23464925518444266	0.22670214350796336	0.2842183726376236	-2.697112255142843	2.3348358390341106
26	-5683.597040296146	-5690.370017266368	-5683.597040296146	-6.772976970223133	-5683.597040296146	0.9367899348710366	0.8287116530952923	0.8636915808530935	0.25193733670626445	0.23148061453785068	0.23236367611826098	0.2842183726376236	-3.9510372832465572	0.5158041461297546
27	-5682.800294413066	-5689.32997665613	-5682.800294413066	-6.529682243064222	-5682.800294413066	1.3358865989192257	0.9061316388460875	0.6899733274975495	0.2479219356075306	0.2312014550515991	0.23876798493262016	0.2821086244082499	-3.7274217627524195	0.7347812324498915
28	-5680.341179968187	-5686.361108182064	-5680.341179968187	-6.0199282138768915	-5680.341179968187	0.9726522957850746	1.4752523857743671	1.0237694253904261	0.23541005741425483	0.2369690201916453	0.2481833078127473	0.2794376145813523	-2.8987719276980375	2.4135091176903916
29	-5676.03148223489	-5681.762875613527	-5676.03148223489	-5.731393378636998	-5676.03148223489	1.0359957648852822	1.2799825613221758	0.9885633454757871	0.2467662402890253	0.2420280010354602	0.2476473421403282	0.263558416535186	-2.702964452579048	1.0262985710985495
30	-5671.855003708391	-5677.880059547561	-5671.855003708391	-6.025055839169578	-5671.855003708391	1.1564222461040843	1.0626134784984171	0.8783276837586903	0.25131731364149806	0.23228672438001233	0.2538292129229305	0.2625667490555589	-3.1191668762213074	1.8823125481580458
31	-5670.105725871418	-5676.317812625524	-5670.105725871418	-6.212086754106269	-5670.105725871418	1.1335609884868363	1.0626134784984171	1.2078129228763592	0.2693738034015427	0.21743944673807847	0.25903320499662597	0.25415354486375263	-3.185499079479492	0.8474947293599092
32	-5667.097318599212	-5673.652218251932	-5667.097318599212	-6.554899652720297	-5667.097318599212	0.8705169252347281	0.9447799505370558	0.9773751144447264	0.25823246461916555	0.22523707633893686	0.25903320499662597	0.2574972540452714	-3.658223058047659	3.5278305451084138
33	-5666.589983545483	-5672.87897137839	-5666.589983545483	-6.288987832906836	-5666.589983545483	1.132305001056986	0.9447799505370558	0.9773751144447264	0.25317654564239667	0.23124216834874267	0.26878790847134193	0.24679337753751854	-3.392311238234198	0.7505768046668897
34	-5665.6806385410955	-5672.140944294724	-5665.6806385410955	-6.460305753628891	-5665.6806385410955	1.0431340516169845	0.9447799505370558	0.9773751144447264	0.25787086663739167	0.2455701351189777	0.2551952082460024	0.24136378999762803	-3.563629158956253	0.6462857671195306
35	-5665.660704641493	-5671.085634910705	-5665.660704641493	-5.4249302692127985	-5665.660704641493	1.0147565392665363	0.8745420588344994	0.9340794691200804	0.25787086663739167	0.2455701351189777	0.2551952082460024	0.24136378999762803	-2.566336861551218	1.576274981429297
36	-5665.551056667839	-5671.488311096967	-5665.551056667839	-5.9372544291284495	-5665.551056667839	1.0405136822216001	0.8701243069978393	0.9340794691200804	0.2553383622036068	0.24073257191246691	0.2507926424083061	0.25313642347562	-3.080041471454084	0.839380703088209
37	-5665.056965704623	-5673.438528750954	-5665.056965704623	-8.38156304633175	-5665.056965704623	1.0448665192453879	0.8701243069978393	0.8725847506994415	0.2553383622036068	0.23175086928944028	0.25944898169969804	0.25346178680725473	-5.544410369755338	3.9238479381633344
38	-5664.981515546198	-5670.500799299001	-5664.981515546198	-5.519283752802876	-5664.981515546198	1.0054107649527877	0.8962755753558491	0.8725847506994415	0.2618628505754685	0.22357419004827567	0.25944898169969804	0.25511397767655764	-2.6738267452406435	1.0919436782922862
39	-5664.8897875289995	-5670.881542238898	-5664.8897875289995	-5.99175470989812	-5664.8897875289995	1.0507106671126232	0.8962755753558491	0.9199863850877736	0.2601029889075397	0.22357419004827567	0.26120884336762684	0.25511397767655764	-3.130972911555305	0.8263284091988325
40	-5664.54438309311	-5670.247916673153	-5664.54438309311	-5.703533580042656	-5664.54438309311	1.0122340833808499	0.8962755753558491	0.9199863850877736	0.25195443301442877	0.23035244912324596	0.26561703534318776	0.2520760825191373	-2.8427517816998407	2.138321851451428
41	-5664.33535975374	-5670.037220756032	-5664.33535975374	-5.701861002292037	-5664.33535975374	1.0519713885685613	0.9622497438071436	0.881144838122499	0.2556044915769692	0.2349223079692881	0.25534039629000793	0.25413280416373457	-2.8315047879694544	1.0134947357836588
42	-5664.307105616707	-5669.88716674198	-5664.307105616707	-5.580061125272149	-5664.307105616707	0.9662644371492203	0.9392395402847682	0.9338955422446331	0.2556044915769692	0.22920217913494764	0.26106052512434835	0.25413280416373457	-2.7003299746886267	2.1617062132633795
43	-5664.301709180727	-5670.023735725444	-5664.301709180727	-5.722026544716659	-5664.301709180727	1.0147296726624682	0.9392395402847682	0.8858229302726	0.2556044915769692	0.22958850181904156	0.26106052512434835	0.2537464814796407	-2.85811364663201	2.0962083978369566
44	-5663.922665211003	-5669.573047375809	-5663.922665211003	-5.650382164806931	-5663.922665211003	0.991865129963407	1.0000511482886545	0.9897879252922912	0.2602707141757058	0.22958850181904156	0.26106052512434835	0.24908025888090404	-2.729861113578555	0.9940247473539103
45	-5663.8692008533	-5669.508148229516	-5663.8692008533	-5.6389473762162226	-5663.8692008533	1.020146379643852	0.9591210464812587	0.9897879252922912	0.2602707141757058	0.22958850181904156	0.26106052512434835	0.24908025888090404	-2.732912956165192	1.940672376050731
46	-5663.789129096826	-5669.295776045917	-5663.789129096826	-5.50664694909033	-5663.789129096826	1.0385408041386912	0.9591210464812587	0.9897879252922912	0.2609650062545286	0.22958850181904156	0.25925609514463743	0.2501903967817921	-2.6006125290392994	1.2860716624212076
47	-5663.771227996192	-5669.538099535054	-5663.771227996192	-5.766871538862524	-5663.771227996192	0.9937551939215021	0.9591210464812587	0.9897879252922912	0.2609650062545286	0.22958850181904156	0.2585522160895133	0.25089427583691626	-2.8608371188114936	0.904831771246997
48	-5663.753117076582	-5669.478055131055	-5663.753117076582	-5.724938054472501	-5663.753117076582	1.0084396292038877	0.9591210464812587	0.9897879252922912	0.2618831495378401	0.22958850181904156	0.2585522160895133	0.2499761325536048	-2.8189036344214706	0.9562143053705761
49	-5663.7185456372645	-5669.26304378613	-5663.7185456372645	-5.544498148865495	-5663.7185456372645	1.0383485301822173	0.9454273380370125	0.9897879252922912	0.2618831495378401	0.23234196964782614	0.2585522160895133	0.2472226647248202	-2.643190316933991	1.657300832457653
50	-5663.709959727392	-5669.152344258116	-5663.709959727392	-5.442384530724061	-5663.709959727392	1.0077707735632353	0.9486852049237093	0.9738165535979255	0.2618831495378401	0.23234196964782614	0.2585522160895133	0.2472226647248202	-2.545622903950852	1.2764851606680359
51	-5663.708199229608	-5672.651375052852	-5663.708199229608	-8.943175823244156	-5663.708199229608	1.0106581441957119	0.9486852049237093	0.9738165535979255	0.2618831495378401	0.23234196964782614	0.2585522160895133	0.2472226647248202	-6.046414196470947	4.310366662313846
52	-5663.689354965399	-5669.239476226537	-5663.689354965399	-5.550121261137571	-5663.689354965399	1.0278858435731968	0.9486852049237093	0.9738165535979255	0.2618831495378401	0.23234196964782614	0.2585522160895133	0.2472226647248202	-2.653359634364362	1.7472793951769534
53	-5663.670708349494	-5670.0900944256455	-5663.670708349494	-6.419386076151261	-5663.670708349494	1.0159634564304036	0.9486852049237093	0.9738165535979255	0.2586793564151608	0.23251787058388837	0.2585522160895133	0.2502505569114372	-3.5226244493780516	2.721995027057643
54	-5663.65576602167	-5669.31133024725	-5663.65576602167	-5.655564225579525	-5663.65576602167	1.0068664048633436	0.9486852049237093	0.9738165535979255	0.25930526599777304	0.23251787058388837	0.2585522160895133	0.249624647328825	-2.758802598806316	2.041365772553033
55	-5663.633323743488	-5669.13585428833	-5663.633323743488	-5.5025305448414725	-5663.633323743488	1.0176124683618983	0.952784657805422	0.9568051577811951	0.25930526599777304	0.23251787058388837	0.2585522160895133	0.249624647328825	-2.6103017640451465	1.1823775447323475
56	-5663.6256740189	-5669.039253995449	-5663.6256740189	-5.4135799765493555	-5663.6256740189	1.0131554186802667	0.952784657805422	0.9568051577811951	0.25968507954826203	0.23213805703339935	0.2585522160895133	0.249624647328825	-2.5213511957530295	1.4666112481783091
57	-5663.624599990551	-5669.7029422882	-5663.624599990551	-6.0783422976480495	-5663.624599990551	1.0188584265415603	0.952784657805422	0.9568051577811951	0.25968507954826203	0.23213805703339935	0.2585522160895133	0.249624647328825	-3.1861135168517234	2.4257459451527117
58	-5663.624137046945	-5669.85803406475	-5663.624137046945	-6.233897017805222	-5663.624137046945	1.016821655407646	0.952784657805422	0.9568051577811951	0.25968507954826203	0.23165388958017222	0.2585522160895133	0.2501088147820521	-3.3416682370088955	0.7084052813326068
59	-5663.622864808904	-5669.32478083564	-5663.622864808904	-5.7019160267359705	-5663.622864808904	1.0169044804522618	0.952784657805422	0.9568051577811951	0.2599728340246551	0.23165388958017222	0.2585522160895133	0.24982106030565904	-2.8096872459396445	0.969967841978605
60	-5663.617555280086	-5669.110478267272	-5663.617555280086	-5.492922987185945	-5663.617555280086	1.0219374033514554	0.9316830355913072	0.9568051577811951	0.2599728340246551	0.23165388958017222	0.2585522160895133	0.24982106030565904	-2.6079030826570095	1.204258597251533
61	-5663.617517278932	-5669.895484187731	-5663.617517278932	-6.277966908799738	-5663.617517278932	1.0259992126539654	0.9316830355913072	0.9568051577811951	0.2599728340246551	0.23165388958017222	0.2585522160895133	0.24982106030565904	-3.392947004270803	2.571556528379633
62	-5663.612740416239	-5670.44548841703	-5663.612740416239	-6.832748000791109	-5663.612740416239	1.0128062324410556	0.9316830355913072	0.9568051577811951	0.2599728340246551	0.23165388958017222	0.2585522160895133	0.24982106030565904	-3.947728096262174	3.0469893411457094
63	-5663.611455469129	-5670.172059162919	-5663.611455469129	-6.560603693789415	-5663.611455469129	1.013934479338181	0.9316830355913072	0.9568051577811951	0.25985944481192613	0.23165388958017222	0.25866560530224225	0.24982106030565904	-3.6755837892604792	2.8458621991512287
64	-5663.609441055731	-5669.453716196907	-5663.609441055731	-5.844275141177046	-5663.609441055731	1.0155237941837147	0.9316830355913072	0.9568051577811951	0.25985944481192613	0.23165388958017222	0.25866560530224225	0.24982106030565904	-2.95925523664811	2.2260179911316076
